05/12/2019 10:11:39.399  INFO [qtp1825662648-16] LoggingInInterceptor: Inbound Message
----------------------------
ID: 4
Address: http://127.0.0.1:9125/api_service/sendRequest
Encoding: ISO-8859-1
Http-Method: POST
Content-Type: application/xml
Headers: {Accept=[application/xml], Account=[flash_sms_CHARGE], Authorization=[Bearer], Cache-Control=[no-cache], connection=[keep-alive], Content-Length=[507], content-type=[application/xml], Host=[127.0.0.1:9125], Pragma=[no-cache], User-Agent=[Apache-CXF/3.3.2]}
Payload: <?xml version="1.0" encoding="UTF-8" standalone="yes"?><Request><charge_amount>0</charge_amount><msisdn>661000504</msisdn><reg_transaction_id>3e051416-173f-11ea-be39-03f198796053</reg_transaction_id><WSparam><alias>_description_</alias><value>Product Cho1 is daily offer</value></WSparam><WSparam><alias>_msisdn_</alias><value>661000504</value></WSparam><WSparam><alias>_fee_</alias><value>50</value></WSparam><ws_block_api_name>CHARGE</ws_block_api_name><ws_client_name>flash_sms</ws_client_name></Request>
--------------------------------------
05/12/2019 10:11:39.405  WARN [qtp1825662648-16] JAXRSUtils: Both com.tatsinktechnologic.gateway.server.API_GatewayService_userTokenAuth#sendRequest and com.tatsinktechnologic.gateway.server.API_GatewayService_userTokenAuth#sendRequest are equal candidates for handling the current request which can lead to unpredictable results
05/12/2019 10:11:39.409  INFO [qtp1825662648-16] LoggingOutInterceptor: Outbound Message
---------------------------
ID: 4
Response-Code: 401
Content-Type: 
Headers: {WWW-Authenticate=[Bearer realm="Not Bearer Authentication in the Header request"], Date=[Thu, 05 Dec 2019 09:11:39 GMT], Content-Length=[0]}
--------------------------------------
05/12/2019 10:11:39.424  INFO [qtp1825662648-15] LoggingInInterceptor: Inbound Message
----------------------------
ID: 5
Address: http://127.0.0.1:9125/authentication/auth
Encoding: ISO-8859-1
Http-Method: POST
Content-Type: application/xml
Headers: {Accept=[application/xml], Cache-Control=[no-cache], connection=[keep-alive], Content-Length=[219], content-type=[application/xml], Host=[127.0.0.1:9125], Pragma=[no-cache], User-Agent=[Apache-CXF/3.3.2]}
Payload: <?xml version="1.0" encoding="UTF-8" standalone="yes"?><account><password>flash@123</password><user_name>flash</user_name><ws_block_api_name>CHARGE</ws_block_api_name><ws_client_name>flash_sms</ws_client_name></account>
--------------------------------------
05/12/2019 10:11:39.426  WARN [qtp1825662648-15] JAXRSUtils: Both com.tatsinktechnologic.gateway.security.AuthenticationService_tokenAuth#authenticateUser and com.tatsinktechnologic.gateway.security.AuthenticationService_tokenAuth#authenticateUser are equal candidates for handling the current request which can lead to unpredictable results
05/12/2019 10:11:39.432  INFO [qtp1825662648-15] LoggingOutInterceptor: Outbound Message
---------------------------
ID: 5
Response-Code: 401
Content-Type: application/xml
Headers: {WWW-Authenticate=[ERROR : MESSAGE=" Not Configuration for this Account "], Date=[Thu, 05 Dec 2019 09:11:39 GMT], Content-Length=[0]}
--------------------------------------
05/12/2019 10:11:39.449  INFO [qtp1825662648-19] LoggingInInterceptor: Inbound Message
----------------------------
ID: 6
Address: http://127.0.0.1:9125/api_service/sendRequest
Encoding: ISO-8859-1
Http-Method: POST
Content-Type: application/xml
Headers: {Accept=[application/xml], Account=[flash_sms_CHARGE], Authorization=[Bearer], Cache-Control=[no-cache], connection=[keep-alive], Content-Length=[507], content-type=[application/xml], Host=[127.0.0.1:9125], Pragma=[no-cache], User-Agent=[Apache-CXF/3.3.2]}
Payload: <?xml version="1.0" encoding="UTF-8" standalone="yes"?><Request><charge_amount>0</charge_amount><msisdn>661000504</msisdn><reg_transaction_id>3e051416-173f-11ea-be39-03f198796053</reg_transaction_id><WSparam><alias>_description_</alias><value>Product Cho1 is daily offer</value></WSparam><WSparam><alias>_msisdn_</alias><value>661000504</value></WSparam><WSparam><alias>_fee_</alias><value>50</value></WSparam><ws_block_api_name>CHARGE</ws_block_api_name><ws_client_name>flash_sms</ws_client_name></Request>
--------------------------------------
05/12/2019 10:11:39.450  WARN [qtp1825662648-19] JAXRSUtils: Both com.tatsinktechnologic.gateway.server.API_GatewayService_userTokenAuth#sendRequest and com.tatsinktechnologic.gateway.server.API_GatewayService_userTokenAuth#sendRequest are equal candidates for handling the current request which can lead to unpredictable results
05/12/2019 10:11:39.451  INFO [qtp1825662648-19] LoggingOutInterceptor: Outbound Message
---------------------------
ID: 6
Response-Code: 401
Content-Type: 
Headers: {WWW-Authenticate=[Bearer realm="Not Bearer Authentication in the Header request"], Date=[Thu, 05 Dec 2019 09:11:39 GMT], Content-Length=[0]}
--------------------------------------
