30/04/2019 10:15:43.168  INFO [main] KafkaTopology: Load log4j config file done.
30/04/2019 10:15:59.414 ERROR [main] KafkaTopology: Thread interrupted exception : 
org.apache.storm.utils.NimbusLeaderNotFoundException: Could not find leader nimbus from seed hosts [localhost]. Did you specify a valid list of nimbus hosts for config nimbus.seeds?
	at org.apache.storm.utils.NimbusClient.getConfiguredClientAs(NimbusClient.java:120)
	at org.apache.storm.utils.NimbusClient.getConfiguredClientAs(NimbusClient.java:66)
	at org.apache.storm.utils.NimbusClient.getConfiguredClient(NimbusClient.java:58)
	at org.apache.storm.blobstore.NimbusBlobStore.prepare(NimbusBlobStore.java:268)
	at org.apache.storm.StormSubmitter.getListOfKeysFromBlobStore(StormSubmitter.java:595)
	at org.apache.storm.StormSubmitter.validateConfs(StormSubmitter.java:561)
	at org.apache.storm.StormSubmitter.submitTopologyAs(StormSubmitter.java:207)
	at org.apache.storm.StormSubmitter.submitTopology(StormSubmitter.java:387)
	at org.apache.storm.StormSubmitter.submitTopologyWithProgressBar(StormSubmitter.java:423)
	at org.apache.storm.StormSubmitter.submitTopologyWithProgressBar(StormSubmitter.java:404)
	at com.tatsinktechnologic.stormTopology.main.KafkaTopology.main(KafkaTopology.java:243)
30/04/2019 10:29:14.446  INFO [main] KafkaTopology: Load log4j config file done.
30/04/2019 10:29:30.720 ERROR [main] KafkaTopology: Thread interrupted exception : 
org.apache.storm.utils.NimbusLeaderNotFoundException: Could not find leader nimbus from seed hosts [localhost]. Did you specify a valid list of nimbus hosts for config nimbus.seeds?
	at org.apache.storm.utils.NimbusClient.getConfiguredClientAs(NimbusClient.java:120)
	at org.apache.storm.utils.NimbusClient.getConfiguredClientAs(NimbusClient.java:66)
	at org.apache.storm.utils.NimbusClient.getConfiguredClient(NimbusClient.java:58)
	at org.apache.storm.blobstore.NimbusBlobStore.prepare(NimbusBlobStore.java:268)
	at org.apache.storm.StormSubmitter.getListOfKeysFromBlobStore(StormSubmitter.java:595)
	at org.apache.storm.StormSubmitter.validateConfs(StormSubmitter.java:561)
	at org.apache.storm.StormSubmitter.submitTopologyAs(StormSubmitter.java:207)
	at org.apache.storm.StormSubmitter.submitTopology(StormSubmitter.java:387)
	at org.apache.storm.StormSubmitter.submitTopologyWithProgressBar(StormSubmitter.java:423)
	at org.apache.storm.StormSubmitter.submitTopologyWithProgressBar(StormSubmitter.java:404)
	at com.tatsinktechnologic.stormTopology.main.KafkaTopology.main(KafkaTopology.java:240)
