2018-08-11 08:52:27 AM [main] INFO  com.tatsinktechnologic.configuration.XML_ConfigLoader - Load log4j2.xml config file done.
2018-08-11 08:52:27 AM [main] INFO  com.tatsinktechnologic.configuration.XML_ConfigLoader - successfull load : etc\receiver_listener.xml
2018-08-11 08:52:27 AM [main] INFO  com.tatsinktechnologic.configuration.XML_ConfigLoader - successfull load : etc\smsgw_listener.xml
2018-08-11 08:52:28 AM [main] INFO  org.hibernate.jpa.internal.util.LogHelper - HHH000204: Processing PersistenceUnitInfo [
	name: DB_PU1
	...]
2018-08-11 08:52:28 AM [main] INFO  org.hibernate.Version - HHH000412: Hibernate Core {5.2.16.Final}
2018-08-11 08:52:28 AM [main] INFO  org.hibernate.cfg.Environment - HHH000206: hibernate.properties not found
2018-08-11 08:52:28 AM [main] INFO  org.hibernate.annotations.common.Version - HCANN000001: Hibernate Commons Annotations {5.0.1.Final}
2018-08-11 08:52:30 AM [main] INFO  org.hibernate.engine.jdbc.connections.internal.ConnectionProviderInitiator - HHH000130: Instantiating explicit connection provider: org.hibernate.service.jdbc.connections.internal.C3P0ConnectionProvider
2018-08-11 08:52:30 AM [main] INFO  org.hibernate.c3p0.internal.C3P0ConnectionProvider - HHH010002: C3P0 using driver: com.mysql.cj.jdbc.Driver at URL: jdbc:mysql://localhost/olivier_test
2018-08-11 08:52:30 AM [main] INFO  org.hibernate.c3p0.internal.C3P0ConnectionProvider - HHH10001001: Connection properties: {user=olivier, password=****, shutdown=true}
2018-08-11 08:52:30 AM [main] INFO  org.hibernate.c3p0.internal.C3P0ConnectionProvider - HHH10001003: Autocommit mode: false
2018-08-11 08:52:31 AM [main] INFO  org.hibernate.c3p0.internal.C3P0ConnectionProvider - HHH10001007: JDBC isolation level: <unknown>
2018-08-11 08:52:32 AM [main] INFO  org.hibernate.dialect.Dialect - HHH000400: Using dialect: org.hibernate.dialect.MariaDB53Dialect
2018-08-11 08:52:34 AM [main] INFO  org.hibernate.orm.connections.access - HHH10001501: Connection obtained from JdbcConnectionAccess [org.hibernate.engine.jdbc.env.internal.JdbcEnvironmentInitiator$ConnectionProviderJdbcConnectionAccess@878537d] for (non-JTA) DDL execution was not in auto-commit mode; the Connection 'local transaction' will be committed and the Connection will be set into auto-commit mode.
2018-08-11 08:56:19 AM [main] INFO  com.tatsinktechnologic.tcp.main.Receiver - node_name = RECEIVER_01
2018-08-11 08:56:26 AM [main] INFO  com.tatsinktechnologic.tcp.main.Receiver - Receiver is launch ........
2018-08-11 08:56:27 AM [pool-3-thread-1] INFO  org.hibernate.hql.internal.QueryTranslatorFactoryInitiator - HHH000397: Using ASTQueryTranslatorFactory
2018-08-11 08:56:30 AM [pool-3-thread-1] DEBUG org.hibernate.stat.internal.ConcurrentStatisticsImpl - HHH000117: HQL: select generatedAlias0 from Configuration as generatedAlias0 where ( generatedAlias0.process_unit.process_unit_id.node_name=:param0 ) and ( generatedAlias0.process_unit.process_unit_id.server_name=:param1 ), time: 381ms, rows: 0
2018-08-11 08:56:51 AM [pool-3-thread-1] INFO  com.tatsinktechnologic.ws.server.SOAP_HttpServerManagement - %%%%%%%%%%% SUCCESSFULL LOAD WEB SERVICE SERVER %%%%%%%%%%%%%%
2018-08-11 10:34:53 AM [qtp561074127-25] INFO  com.tatsinktechnologic.ws.process.Receiver_SMS - #################### START RECEIVE DELIVERY ############################
2018-08-11 10:34:53 AM [qtp561074127-21] INFO  com.tatsinktechnologic.ws.process.Receiver_SMS - #################### START RECEIVE DELIVERY ############################
2018-08-11 10:34:53 AM [qtp561074127-22] INFO  com.tatsinktechnologic.ws.process.Receiver_SMS - #################### START RECEIVE DELIVERY ############################
2018-08-11 10:34:53 AM [qtp561074127-21] INFO  com.tatsinktechnologic.ws.process.Receiver_SMS - Client IP Address = 127.0.0.1
2018-08-11 10:34:53 AM [qtp561074127-22] INFO  com.tatsinktechnologic.ws.process.Receiver_SMS - Client IP Address = 127.0.0.1
2018-08-11 10:34:53 AM [qtp561074127-25] INFO  com.tatsinktechnologic.ws.process.Receiver_SMS - Client IP Address = 127.0.0.1
2018-08-11 10:34:53 AM [qtp561074127-22] ERROR com.tatsinktechnologic.ws.process.Receiver_SMS - cannot convert 1808111034 to date following format : yyMMddHHmmss
2018-08-11 10:34:53 AM [qtp561074127-21] ERROR com.tatsinktechnologic.ws.process.Receiver_SMS - cannot convert 1808111034 to date following format : yyMMddHHmmss
2018-08-11 10:34:53 AM [qtp561074127-25] ERROR com.tatsinktechnologic.ws.process.Receiver_SMS - cannot convert 1808111034 to date following format : yyMMddHHmmss
2018-08-11 10:34:53 AM [qtp561074127-25] ERROR com.tatsinktechnologic.ws.process.Receiver_SMS - cannot convert 1808111034 to date following format : yyMMddHHmmss
2018-08-11 10:34:53 AM [qtp561074127-21] ERROR com.tatsinktechnologic.ws.process.Receiver_SMS - cannot convert 1808111034 to date following format : yyMMddHHmmss
2018-08-11 10:34:53 AM [qtp561074127-22] ERROR com.tatsinktechnologic.ws.process.Receiver_SMS - cannot convert 1808111034 to date following format : yyMMddHHmmss
2018-08-11 10:34:56 AM [qtp561074127-22] ERROR org.hibernate.internal.ExceptionMapperStandardImpl - HHH000346: Error during managed flush [org.hibernate.HibernateException: identifier of an instance of com.tatsinktechnologic.beans_entity.Delivery was altered from 2 to 3]
2018-08-11 10:34:56 AM [qtp561074127-21] ERROR org.hibernate.internal.ExceptionMapperStandardImpl - HHH000346: Error during managed flush [org.hibernate.HibernateException: identifier of an instance of com.tatsinktechnologic.beans_entity.Delivery was altered from 1 to 3]
2018-08-11 10:34:57 AM [qtp561074127-25] INFO  com.tatsinktechnologic.ws.process.Receiver_SMS - SUCCESS_DELIVERY_CONTENT : DeliveryMessage{message_id=15, sender=23766100050487, receiver=8965, delivery_id=21, delivery_sub=1, delivery_dlvrd=1, delivery_submitDate=1808111034, delivery_doneDate=1808111034, delivery_status=DELIVRD, delivery_err=000, delivery_text=test}
2018-08-11 10:34:57 AM [qtp561074127-25] INFO  com.tatsinktechnologic.ws.process.Receiver_SMS - #################### END RECEIVE DELIVERY ############################
2018-08-11 18:03:11 PM [main] INFO  com.tatsinktechnologic.configuration.XML_ConfigLoader - Load log4j2.xml config file done.
2018-08-11 18:03:11 PM [main] INFO  com.tatsinktechnologic.configuration.XML_ConfigLoader - successfull load : etc\receiver_listener.xml
2018-08-11 18:03:12 PM [main] INFO  com.tatsinktechnologic.configuration.XML_ConfigLoader - successfull load : etc\smsgw_listener.xml
2018-08-11 18:03:13 PM [main] INFO  org.hibernate.jpa.internal.util.LogHelper - HHH000204: Processing PersistenceUnitInfo [
	name: DB_PU1
	...]
2018-08-11 18:03:13 PM [main] INFO  org.hibernate.Version - HHH000412: Hibernate Core {5.2.16.Final}
2018-08-11 18:03:13 PM [main] INFO  org.hibernate.cfg.Environment - HHH000206: hibernate.properties not found
2018-08-11 18:03:13 PM [main] INFO  org.hibernate.annotations.common.Version - HCANN000001: Hibernate Commons Annotations {5.0.1.Final}
2018-08-11 18:03:16 PM [main] INFO  org.hibernate.engine.jdbc.connections.internal.ConnectionProviderInitiator - HHH000130: Instantiating explicit connection provider: org.hibernate.service.jdbc.connections.internal.C3P0ConnectionProvider
2018-08-11 18:03:16 PM [main] INFO  org.hibernate.c3p0.internal.C3P0ConnectionProvider - HHH010002: C3P0 using driver: com.mysql.cj.jdbc.Driver at URL: jdbc:mysql://localhost/olivier_test
2018-08-11 18:03:16 PM [main] INFO  org.hibernate.c3p0.internal.C3P0ConnectionProvider - HHH10001001: Connection properties: {user=olivier, password=****, shutdown=true}
2018-08-11 18:03:16 PM [main] INFO  org.hibernate.c3p0.internal.C3P0ConnectionProvider - HHH10001003: Autocommit mode: false
2018-08-11 18:03:17 PM [main] INFO  org.hibernate.c3p0.internal.C3P0ConnectionProvider - HHH10001007: JDBC isolation level: <unknown>
2018-08-11 18:03:17 PM [main] INFO  org.hibernate.dialect.Dialect - HHH000400: Using dialect: org.hibernate.dialect.MariaDB53Dialect
2018-08-11 18:03:20 PM [main] INFO  org.hibernate.orm.connections.access - HHH10001501: Connection obtained from JdbcConnectionAccess [org.hibernate.engine.jdbc.env.internal.JdbcEnvironmentInitiator$ConnectionProviderJdbcConnectionAccess@1bbae752] for (non-JTA) DDL execution was not in auto-commit mode; the Connection 'local transaction' will be committed and the Connection will be set into auto-commit mode.
2018-08-11 18:03:24 PM [main] INFO  com.tatsinktechnologic.tcp.main.Receiver - node_name = RECEIVER_01
2018-08-11 18:03:24 PM [main] WARN  org.hibernate.engine.jdbc.spi.SqlExceptionHelper - SQL Error: 1062, SQLState: 23000
2018-08-11 18:03:24 PM [main] ERROR org.hibernate.engine.jdbc.spi.SqlExceptionHelper - (conn=66) Duplicate entry 'RECEIVER_01-DESKTOP-1P8QU59' for key 'PRIMARY'
2018-08-11 18:03:24 PM [main] ERROR org.hibernate.internal.ExceptionMapperStandardImpl - HHH000346: Error during managed flush [org.hibernate.exception.ConstraintViolationException: could not execute statement]
2018-08-11 18:03:24 PM [main] ERROR com.tatsinktechnologic.tcp.main.Receiver - ALREADY EXIST : Process_Unit{process_unit_id=ProcessKey{server_name=DESKTOP-1P8QU59, node_name=RECEIVER_01}, IP_address=192.168.38.1}
2018-08-11 18:03:25 PM [main] INFO  com.tatsinktechnologic.tcp.main.Receiver - Receiver is launch ........
2018-08-11 18:03:25 PM [pool-3-thread-1] INFO  org.hibernate.hql.internal.QueryTranslatorFactoryInitiator - HHH000397: Using ASTQueryTranslatorFactory
2018-08-11 18:03:25 PM [pool-3-thread-1] DEBUG org.hibernate.stat.internal.ConcurrentStatisticsImpl - HHH000117: HQL: select generatedAlias0 from Configuration as generatedAlias0 where ( generatedAlias0.process_unit.process_unit_id.node_name=:param0 ) and ( generatedAlias0.process_unit.process_unit_id.server_name=:param1 ), time: 3ms, rows: 0
2018-08-11 18:03:28 PM [pool-3-thread-1] INFO  com.tatsinktechnologic.ws.server.SOAP_HttpServerManagement - %%%%%%%%%%% SUCCESSFULL LOAD WEB SERVICE SERVER %%%%%%%%%%%%%%
2018-08-11 18:04:45 PM [qtp17973637-23] INFO  com.tatsinktechnologic.ws.process.Receiver_SMS - #################### START RECEIVE DELIVERY ############################
2018-08-11 18:04:45 PM [qtp17973637-23] INFO  com.tatsinktechnologic.ws.process.Receiver_SMS - Client IP Address = 127.0.0.1
2018-08-11 18:04:45 PM [qtp17973637-23] INFO  com.tatsinktechnologic.ws.process.Receiver_SMS - SUCCESS_DELIVERY_CONTENT : DeliveryMessage{message_id=18, sender=23766100050487, receiver=8965, delivery_id=24, delivery_sub=1, delivery_dlvrd=1, delivery_submitDate=1808111804, delivery_doneDate=1808111804, delivery_status=DELIVRD, delivery_err=000, delivery_text=test}
2018-08-11 18:04:45 PM [qtp17973637-23] INFO  com.tatsinktechnologic.ws.process.Receiver_SMS - #################### END RECEIVE DELIVERY ############################
2018-08-11 18:04:49 PM [qtp17973637-26] INFO  com.tatsinktechnologic.ws.process.Receiver_SMS - #################### START RECEIVE DELIVERY ############################
2018-08-11 18:04:49 PM [qtp17973637-26] INFO  com.tatsinktechnologic.ws.process.Receiver_SMS - Client IP Address = 127.0.0.1
2018-08-11 18:04:49 PM [qtp17973637-22] INFO  com.tatsinktechnologic.ws.process.Receiver_SMS - #################### START RECEIVE DELIVERY ############################
2018-08-11 18:04:49 PM [qtp17973637-22] INFO  com.tatsinktechnologic.ws.process.Receiver_SMS - Client IP Address = 127.0.0.1
2018-08-11 18:04:49 PM [qtp17973637-26] INFO  com.tatsinktechnologic.ws.process.Receiver_SMS - SUCCESS_DELIVERY_CONTENT : DeliveryMessage{message_id=1A, sender=23766100050487, receiver=8965, delivery_id=26, delivery_sub=1, delivery_dlvrd=1, delivery_submitDate=1808111804, delivery_doneDate=1808111804, delivery_status=DELIVRD, delivery_err=000, delivery_text=test}
2018-08-11 18:04:49 PM [qtp17973637-26] INFO  com.tatsinktechnologic.ws.process.Receiver_SMS - #################### END RECEIVE DELIVERY ############################
2018-08-11 18:04:49 PM [qtp17973637-22] INFO  com.tatsinktechnologic.ws.process.Receiver_SMS - SUCCESS_DELIVERY_CONTENT : DeliveryMessage{message_id=19, sender=23766100050487, receiver=8965, delivery_id=25, delivery_sub=1, delivery_dlvrd=1, delivery_submitDate=1808111804, delivery_doneDate=1808111804, delivery_status=DELIVRD, delivery_err=000, delivery_text=test}
2018-08-11 18:04:49 PM [qtp17973637-22] INFO  com.tatsinktechnologic.ws.process.Receiver_SMS - #################### END RECEIVE DELIVERY ############################
2018-08-11 18:05:39 PM [qtp17973637-22] INFO  com.tatsinktechnologic.ws.process.Receiver_SMS - #################### START RECEIVE DELIVERY ############################
2018-08-11 18:05:39 PM [qtp17973637-22] INFO  com.tatsinktechnologic.ws.process.Receiver_SMS - Client IP Address = 127.0.0.1
2018-08-11 18:05:39 PM [qtp17973637-22] INFO  com.tatsinktechnologic.ws.process.Receiver_SMS - SUCCESS_DELIVERY_CONTENT : DeliveryMessage{message_id=1C, sender=23766100050487, receiver=8965, delivery_id=28, delivery_sub=1, delivery_dlvrd=1, delivery_submitDate=1808111805, delivery_doneDate=1808111805, delivery_status=DELIVRD, delivery_err=000, delivery_text=test}
2018-08-11 18:05:39 PM [qtp17973637-22] INFO  com.tatsinktechnologic.ws.process.Receiver_SMS - #################### END RECEIVE DELIVERY ############################
2018-08-11 18:05:44 PM [qtp17973637-25] INFO  com.tatsinktechnologic.ws.process.Receiver_SMS - #################### START RECEIVE DELIVERY ############################
2018-08-11 18:05:44 PM [qtp17973637-25] INFO  com.tatsinktechnologic.ws.process.Receiver_SMS - Client IP Address = 127.0.0.1
2018-08-11 18:05:44 PM [qtp17973637-26] INFO  com.tatsinktechnologic.ws.process.Receiver_SMS - #################### START RECEIVE DELIVERY ############################
2018-08-11 18:05:44 PM [qtp17973637-26] INFO  com.tatsinktechnologic.ws.process.Receiver_SMS - Client IP Address = 127.0.0.1
2018-08-11 18:05:44 PM [qtp17973637-25] INFO  com.tatsinktechnologic.ws.process.Receiver_SMS - SUCCESS_DELIVERY_CONTENT : DeliveryMessage{message_id=1B, sender=23766100050487, receiver=8965, delivery_id=27, delivery_sub=1, delivery_dlvrd=1, delivery_submitDate=1808111805, delivery_doneDate=1808111805, delivery_status=DELIVRD, delivery_err=000, delivery_text=test}
2018-08-11 18:05:44 PM [qtp17973637-25] INFO  com.tatsinktechnologic.ws.process.Receiver_SMS - #################### END RECEIVE DELIVERY ############################
2018-08-11 18:05:44 PM [qtp17973637-26] INFO  com.tatsinktechnologic.ws.process.Receiver_SMS - SUCCESS_DELIVERY_CONTENT : DeliveryMessage{message_id=1D, sender=23766100050487, receiver=8965, delivery_id=29, delivery_sub=1, delivery_dlvrd=1, delivery_submitDate=1808111805, delivery_doneDate=1808111805, delivery_status=DELIVRD, delivery_err=000, delivery_text=test}
2018-08-11 18:05:44 PM [qtp17973637-26] INFO  com.tatsinktechnologic.ws.process.Receiver_SMS - #################### END RECEIVE DELIVERY ############################
2018-08-11 18:43:56 PM [qtp17973637-21] INFO  com.tatsinktechnologic.ws.process.Receiver_SMS - #################### START RECEIVE DELIVERY ############################
2018-08-11 18:43:56 PM [qtp17973637-21] INFO  com.tatsinktechnologic.ws.process.Receiver_SMS - Client IP Address = 127.0.0.1
2018-08-11 18:43:56 PM [qtp17973637-20] INFO  com.tatsinktechnologic.ws.process.Receiver_SMS - #################### START RECEIVE DELIVERY ############################
2018-08-11 18:43:56 PM [qtp17973637-20] INFO  com.tatsinktechnologic.ws.process.Receiver_SMS - Client IP Address = 127.0.0.1
2018-08-11 18:43:56 PM [qtp17973637-21] INFO  com.tatsinktechnologic.ws.process.Receiver_SMS - SUCCESS_DELIVERY_CONTENT : DeliveryMessage{message_id=1E, sender=23766100050487, receiver=8965, delivery_id=30, delivery_sub=1, delivery_dlvrd=1, delivery_submitDate=1808111843, delivery_doneDate=1808111843, delivery_status=DELIVRD, delivery_err=000, delivery_text=test}
2018-08-11 18:43:56 PM [qtp17973637-21] INFO  com.tatsinktechnologic.ws.process.Receiver_SMS - #################### END RECEIVE DELIVERY ############################
2018-08-11 18:43:56 PM [qtp17973637-20] INFO  com.tatsinktechnologic.ws.process.Receiver_SMS - SUCCESS_DELIVERY_CONTENT : DeliveryMessage{message_id=22, sender=23766100050487, receiver=8965, delivery_id=34, delivery_sub=1, delivery_dlvrd=1, delivery_submitDate=1808111843, delivery_doneDate=1808111843, delivery_status=DELIVRD, delivery_err=000, delivery_text=test}
2018-08-11 18:43:56 PM [qtp17973637-20] INFO  com.tatsinktechnologic.ws.process.Receiver_SMS - #################### END RECEIVE DELIVERY ############################
2018-08-11 18:44:01 PM [qtp17973637-23] INFO  com.tatsinktechnologic.ws.process.Receiver_SMS - #################### START RECEIVE DELIVERY ############################
2018-08-11 18:44:01 PM [qtp17973637-23] INFO  com.tatsinktechnologic.ws.process.Receiver_SMS - Client IP Address = 127.0.0.1
2018-08-11 18:44:01 PM [qtp17973637-23] INFO  com.tatsinktechnologic.ws.process.Receiver_SMS - SUCCESS_DELIVERY_CONTENT : DeliveryMessage{message_id=1F, sender=23766100050487, receiver=8965, delivery_id=31, delivery_sub=1, delivery_dlvrd=1, delivery_submitDate=1808111844, delivery_doneDate=1808111844, delivery_status=DELIVRD, delivery_err=000, delivery_text=test}
2018-08-11 18:44:01 PM [qtp17973637-23] INFO  com.tatsinktechnologic.ws.process.Receiver_SMS - #################### END RECEIVE DELIVERY ############################
2018-08-11 18:44:06 PM [qtp17973637-23] INFO  com.tatsinktechnologic.ws.process.Receiver_SMS - #################### START RECEIVE DELIVERY ############################
2018-08-11 18:44:06 PM [qtp17973637-23] INFO  com.tatsinktechnologic.ws.process.Receiver_SMS - Client IP Address = 127.0.0.1
2018-08-11 18:44:06 PM [qtp17973637-21] INFO  com.tatsinktechnologic.ws.process.Receiver_SMS - #################### START RECEIVE DELIVERY ############################
2018-08-11 18:44:06 PM [qtp17973637-21] INFO  com.tatsinktechnologic.ws.process.Receiver_SMS - Client IP Address = 127.0.0.1
2018-08-11 18:44:06 PM [qtp17973637-25] INFO  com.tatsinktechnologic.ws.process.Receiver_SMS - #################### START RECEIVE DELIVERY ############################
2018-08-11 18:44:06 PM [qtp17973637-25] INFO  com.tatsinktechnologic.ws.process.Receiver_SMS - Client IP Address = 127.0.0.1
2018-08-11 18:44:06 PM [qtp17973637-23] INFO  com.tatsinktechnologic.ws.process.Receiver_SMS - SUCCESS_DELIVERY_CONTENT : DeliveryMessage{message_id=20, sender=23766100050487, receiver=8965, delivery_id=32, delivery_sub=1, delivery_dlvrd=1, delivery_submitDate=1808111844, delivery_doneDate=1808111844, delivery_status=DELIVRD, delivery_err=000, delivery_text=test}
2018-08-11 18:44:06 PM [qtp17973637-25] INFO  com.tatsinktechnologic.ws.process.Receiver_SMS - SUCCESS_DELIVERY_CONTENT : DeliveryMessage{message_id=21, sender=23766100050487, receiver=8965, delivery_id=33, delivery_sub=1, delivery_dlvrd=1, delivery_submitDate=1808111844, delivery_doneDate=1808111844, delivery_status=DELIVRD, delivery_err=000, delivery_text=test}
2018-08-11 18:44:06 PM [qtp17973637-23] INFO  com.tatsinktechnologic.ws.process.Receiver_SMS - #################### END RECEIVE DELIVERY ############################
2018-08-11 18:44:06 PM [qtp17973637-25] INFO  com.tatsinktechnologic.ws.process.Receiver_SMS - #################### END RECEIVE DELIVERY ############################
2018-08-11 18:44:06 PM [qtp17973637-21] INFO  com.tatsinktechnologic.ws.process.Receiver_SMS - SUCCESS_DELIVERY_CONTENT : DeliveryMessage{message_id=23, sender=23766100050487, receiver=8965, delivery_id=35, delivery_sub=1, delivery_dlvrd=1, delivery_submitDate=1808111844, delivery_doneDate=1808111844, delivery_status=DELIVRD, delivery_err=000, delivery_text=test}
2018-08-11 18:44:06 PM [qtp17973637-21] INFO  com.tatsinktechnologic.ws.process.Receiver_SMS - #################### END RECEIVE DELIVERY ############################
2018-08-11 18:44:06 PM [qtp17973637-20] INFO  com.tatsinktechnologic.ws.process.Receiver_SMS - #################### START RECEIVE DELIVERY ############################
2018-08-11 18:44:06 PM [qtp17973637-20] INFO  com.tatsinktechnologic.ws.process.Receiver_SMS - Client IP Address = 127.0.0.1
2018-08-11 18:44:06 PM [qtp17973637-26] INFO  com.tatsinktechnologic.ws.process.Receiver_SMS - #################### START RECEIVE DELIVERY ############################
2018-08-11 18:44:06 PM [qtp17973637-26] INFO  com.tatsinktechnologic.ws.process.Receiver_SMS - Client IP Address = 127.0.0.1
2018-08-11 18:44:06 PM [qtp17973637-25] INFO  com.tatsinktechnologic.ws.process.Receiver_SMS - #################### START RECEIVE DELIVERY ############################
2018-08-11 18:44:06 PM [qtp17973637-25] INFO  com.tatsinktechnologic.ws.process.Receiver_SMS - Client IP Address = 127.0.0.1
2018-08-11 18:44:06 PM [qtp17973637-20] INFO  com.tatsinktechnologic.ws.process.Receiver_SMS - SUCCESS_DELIVERY_CONTENT : DeliveryMessage{message_id=24, sender=23766100050487, receiver=8965, delivery_id=36, delivery_sub=1, delivery_dlvrd=1, delivery_submitDate=1808111844, delivery_doneDate=1808111844, delivery_status=DELIVRD, delivery_err=000, delivery_text=test}
2018-08-11 18:44:06 PM [qtp17973637-20] INFO  com.tatsinktechnologic.ws.process.Receiver_SMS - #################### END RECEIVE DELIVERY ############################
2018-08-11 18:44:06 PM [qtp17973637-26] INFO  com.tatsinktechnologic.ws.process.Receiver_SMS - SUCCESS_DELIVERY_CONTENT : DeliveryMessage{message_id=25, sender=23766100050487, receiver=8965, delivery_id=37, delivery_sub=1, delivery_dlvrd=1, delivery_submitDate=1808111844, delivery_doneDate=1808111844, delivery_status=DELIVRD, delivery_err=000, delivery_text=test}
2018-08-11 18:44:06 PM [qtp17973637-26] INFO  com.tatsinktechnologic.ws.process.Receiver_SMS - #################### END RECEIVE DELIVERY ############################
2018-08-11 18:44:06 PM [qtp17973637-25] INFO  com.tatsinktechnologic.ws.process.Receiver_SMS - SUCCESS_DELIVERY_CONTENT : DeliveryMessage{message_id=26, sender=23766100050487, receiver=8965, delivery_id=38, delivery_sub=1, delivery_dlvrd=1, delivery_submitDate=1808111844, delivery_doneDate=1808111844, delivery_status=REJECTD, delivery_err=000, delivery_text=test}
2018-08-11 18:44:06 PM [qtp17973637-25] INFO  com.tatsinktechnologic.ws.process.Receiver_SMS - #################### END RECEIVE DELIVERY ############################
2018-08-11 18:44:16 PM [qtp17973637-21] INFO  com.tatsinktechnologic.ws.process.Receiver_SMS - #################### START RECEIVE DELIVERY ############################
2018-08-11 18:44:16 PM [qtp17973637-25] INFO  com.tatsinktechnologic.ws.process.Receiver_SMS - #################### START RECEIVE DELIVERY ############################
2018-08-11 18:44:16 PM [qtp17973637-25] INFO  com.tatsinktechnologic.ws.process.Receiver_SMS - Client IP Address = 127.0.0.1
2018-08-11 18:44:16 PM [qtp17973637-21] INFO  com.tatsinktechnologic.ws.process.Receiver_SMS - Client IP Address = 127.0.0.1
2018-08-11 18:44:16 PM [qtp17973637-21] INFO  com.tatsinktechnologic.ws.process.Receiver_SMS - SUCCESS_DELIVERY_CONTENT : DeliveryMessage{message_id=29, sender=23766100050487, receiver=8965, delivery_id=41, delivery_sub=1, delivery_dlvrd=1, delivery_submitDate=1808111844, delivery_doneDate=1808111844, delivery_status=DELIVRD, delivery_err=000, delivery_text=test}
2018-08-11 18:44:16 PM [qtp17973637-21] INFO  com.tatsinktechnologic.ws.process.Receiver_SMS - #################### END RECEIVE DELIVERY ############################
2018-08-11 18:44:16 PM [qtp17973637-25] INFO  com.tatsinktechnologic.ws.process.Receiver_SMS - SUCCESS_DELIVERY_CONTENT : DeliveryMessage{message_id=27, sender=23766100050487, receiver=8965, delivery_id=39, delivery_sub=1, delivery_dlvrd=1, delivery_submitDate=1808111844, delivery_doneDate=1808111844, delivery_status=UNDELIV, delivery_err=000, delivery_text=test}
2018-08-11 18:44:16 PM [qtp17973637-25] INFO  com.tatsinktechnologic.ws.process.Receiver_SMS - #################### END RECEIVE DELIVERY ############################
2018-08-11 18:44:21 PM [qtp17973637-26] INFO  com.tatsinktechnologic.ws.process.Receiver_SMS - #################### START RECEIVE DELIVERY ############################
2018-08-11 18:44:21 PM [qtp17973637-26] INFO  com.tatsinktechnologic.ws.process.Receiver_SMS - Client IP Address = 127.0.0.1
2018-08-11 18:44:21 PM [qtp17973637-25] INFO  com.tatsinktechnologic.ws.process.Receiver_SMS - #################### START RECEIVE DELIVERY ############################
2018-08-11 18:44:21 PM [qtp17973637-25] INFO  com.tatsinktechnologic.ws.process.Receiver_SMS - Client IP Address = 127.0.0.1
2018-08-11 18:44:21 PM [qtp17973637-26] INFO  com.tatsinktechnologic.ws.process.Receiver_SMS - SUCCESS_DELIVERY_CONTENT : DeliveryMessage{message_id=2C, sender=23766100050487, receiver=8965, delivery_id=44, delivery_sub=1, delivery_dlvrd=1, delivery_submitDate=1808111844, delivery_doneDate=1808111844, delivery_status=DELIVRD, delivery_err=000, delivery_text=test}
2018-08-11 18:44:21 PM [qtp17973637-26] INFO  com.tatsinktechnologic.ws.process.Receiver_SMS - #################### END RECEIVE DELIVERY ############################
2018-08-11 18:44:21 PM [qtp17973637-25] INFO  com.tatsinktechnologic.ws.process.Receiver_SMS - SUCCESS_DELIVERY_CONTENT : DeliveryMessage{message_id=2A, sender=23766100050487, receiver=8965, delivery_id=42, delivery_sub=1, delivery_dlvrd=1, delivery_submitDate=1808111844, delivery_doneDate=1808111844, delivery_status=DELIVRD, delivery_err=000, delivery_text=test}
2018-08-11 18:44:21 PM [qtp17973637-25] INFO  com.tatsinktechnologic.ws.process.Receiver_SMS - #################### END RECEIVE DELIVERY ############################
2018-08-11 18:44:26 PM [qtp17973637-25] INFO  com.tatsinktechnologic.ws.process.Receiver_SMS - #################### START RECEIVE DELIVERY ############################
2018-08-11 18:44:26 PM [qtp17973637-25] INFO  com.tatsinktechnologic.ws.process.Receiver_SMS - Client IP Address = 127.0.0.1
2018-08-11 18:44:26 PM [qtp17973637-26] INFO  com.tatsinktechnologic.ws.process.Receiver_SMS - #################### START RECEIVE DELIVERY ############################
2018-08-11 18:44:26 PM [qtp17973637-26] INFO  com.tatsinktechnologic.ws.process.Receiver_SMS - Client IP Address = 127.0.0.1
2018-08-11 18:44:26 PM [qtp17973637-25] INFO  com.tatsinktechnologic.ws.process.Receiver_SMS - SUCCESS_DELIVERY_CONTENT : DeliveryMessage{message_id=2B, sender=23766100050487, receiver=8965, delivery_id=43, delivery_sub=1, delivery_dlvrd=1, delivery_submitDate=1808111844, delivery_doneDate=1808111844, delivery_status=ACCEPTD, delivery_err=000, delivery_text=test}
2018-08-11 18:44:26 PM [qtp17973637-25] INFO  com.tatsinktechnologic.ws.process.Receiver_SMS - #################### END RECEIVE DELIVERY ############################
2018-08-11 18:44:26 PM [qtp17973637-26] INFO  com.tatsinktechnologic.ws.process.Receiver_SMS - SUCCESS_DELIVERY_CONTENT : DeliveryMessage{message_id=28, sender=23766100050487, receiver=8965, delivery_id=40, delivery_sub=1, delivery_dlvrd=1, delivery_submitDate=1808111844, delivery_doneDate=1808111844, delivery_status=DELIVRD, delivery_err=000, delivery_text=test}
2018-08-11 18:44:26 PM [qtp17973637-26] INFO  com.tatsinktechnologic.ws.process.Receiver_SMS - #################### END RECEIVE DELIVERY ############################
2018-08-11 19:11:16 PM [qtp17973637-21] INFO  com.tatsinktechnologic.ws.process.Receiver_SMS - #################### START RECEIVE DELIVERY ############################
2018-08-11 19:11:16 PM [qtp17973637-22] INFO  com.tatsinktechnologic.ws.process.Receiver_SMS - #################### START RECEIVE DELIVERY ############################
2018-08-11 19:11:16 PM [qtp17973637-21] INFO  com.tatsinktechnologic.ws.process.Receiver_SMS - Client IP Address = 127.0.0.1
2018-08-11 19:11:16 PM [qtp17973637-22] INFO  com.tatsinktechnologic.ws.process.Receiver_SMS - Client IP Address = 127.0.0.1
2018-08-11 19:11:16 PM [qtp17973637-22] INFO  com.tatsinktechnologic.ws.process.Receiver_SMS - SUCCESS_DELIVERY_CONTENT : DeliveryMessage{message_id=2E, sender=23766100050487, receiver=8965, delivery_id=46, delivery_sub=1, delivery_dlvrd=1, delivery_submitDate=1808111911, delivery_doneDate=1808111911, delivery_status=DELIVRD, delivery_err=000, delivery_text=}
2018-08-11 19:11:16 PM [qtp17973637-22] INFO  com.tatsinktechnologic.ws.process.Receiver_SMS - #################### END RECEIVE DELIVERY ############################
2018-08-11 19:11:16 PM [qtp17973637-21] INFO  com.tatsinktechnologic.ws.process.Receiver_SMS - SUCCESS_DELIVERY_CONTENT : DeliveryMessage{message_id=2F, sender=23766100050487, receiver=8965, delivery_id=47, delivery_sub=1, delivery_dlvrd=1, delivery_submitDate=1808111911, delivery_doneDate=1808111911, delivery_status=DELIVRD, delivery_err=000, delivery_text=}
2018-08-11 19:11:16 PM [qtp17973637-21] INFO  com.tatsinktechnologic.ws.process.Receiver_SMS - #################### END RECEIVE DELIVERY ############################
2018-08-11 19:11:20 PM [qtp17973637-23] INFO  com.tatsinktechnologic.ws.process.Receiver_SMS - #################### START RECEIVE DELIVERY ############################
2018-08-11 19:11:20 PM [qtp17973637-23] INFO  com.tatsinktechnologic.ws.process.Receiver_SMS - Client IP Address = 127.0.0.1
2018-08-11 19:11:20 PM [qtp17973637-23] INFO  com.tatsinktechnologic.ws.process.Receiver_SMS - SUCCESS_DELIVERY_CONTENT : DeliveryMessage{message_id=2D, sender=23766100050487, receiver=8965, delivery_id=45, delivery_sub=1, delivery_dlvrd=1, delivery_submitDate=1808111911, delivery_doneDate=1808111911, delivery_status=REJECTD, delivery_err=000, delivery_text=}
2018-08-11 19:11:20 PM [qtp17973637-23] INFO  com.tatsinktechnologic.ws.process.Receiver_SMS - #################### END RECEIVE DELIVERY ############################
2018-08-11 19:13:46 PM [qtp17973637-21] INFO  com.tatsinktechnologic.ws.process.Receiver_SMS - #################### START RECEIVE DELIVERY ############################
2018-08-11 19:13:46 PM [qtp17973637-22] INFO  com.tatsinktechnologic.ws.process.Receiver_SMS - #################### START RECEIVE DELIVERY ############################
2018-08-11 19:13:46 PM [qtp17973637-21] INFO  com.tatsinktechnologic.ws.process.Receiver_SMS - Client IP Address = 127.0.0.1
2018-08-11 19:13:46 PM [qtp17973637-22] INFO  com.tatsinktechnologic.ws.process.Receiver_SMS - Client IP Address = 127.0.0.1
2018-08-11 19:13:46 PM [qtp17973637-23] INFO  com.tatsinktechnologic.ws.process.Receiver_SMS - #################### START RECEIVE DELIVERY ############################
2018-08-11 19:13:46 PM [qtp17973637-23] INFO  com.tatsinktechnologic.ws.process.Receiver_SMS - Client IP Address = 127.0.0.1
2018-08-11 19:13:46 PM [qtp17973637-21] INFO  com.tatsinktechnologic.ws.process.Receiver_SMS - SUCCESS_DELIVERY_CONTENT : DeliveryMessage{message_id=35, sender=8965, receiver=23766100050487, delivery_id=53, delivery_sub=1, delivery_dlvrd=1, delivery_submitDate=1808111913, delivery_doneDate=1808111913, delivery_status=DELIVRD, delivery_err=000, delivery_text=}
2018-08-11 19:13:46 PM [qtp17973637-21] INFO  com.tatsinktechnologic.ws.process.Receiver_SMS - #################### END RECEIVE DELIVERY ############################
2018-08-11 19:13:46 PM [qtp17973637-20] INFO  com.tatsinktechnologic.ws.process.Receiver_SMS - #################### START RECEIVE DELIVERY ############################
2018-08-11 19:13:46 PM [qtp17973637-20] INFO  com.tatsinktechnologic.ws.process.Receiver_SMS - Client IP Address = 127.0.0.1
2018-08-11 19:13:46 PM [qtp17973637-23] INFO  com.tatsinktechnologic.ws.process.Receiver_SMS - SUCCESS_DELIVERY_CONTENT : DeliveryMessage{message_id=32, sender=8965, receiver=23766100050487, delivery_id=50, delivery_sub=1, delivery_dlvrd=1, delivery_submitDate=1808111913, delivery_doneDate=1808111913, delivery_status=UNDELIV, delivery_err=000, delivery_text=}
2018-08-11 19:13:46 PM [qtp17973637-23] INFO  com.tatsinktechnologic.ws.process.Receiver_SMS - #################### END RECEIVE DELIVERY ############################
2018-08-11 19:13:46 PM [qtp17973637-22] INFO  com.tatsinktechnologic.ws.process.Receiver_SMS - SUCCESS_DELIVERY_CONTENT : DeliveryMessage{message_id=30, sender=8965, receiver=23766100050487, delivery_id=48, delivery_sub=1, delivery_dlvrd=1, delivery_submitDate=1808111913, delivery_doneDate=1808111913, delivery_status=DELIVRD, delivery_err=000, delivery_text=}
2018-08-11 19:13:46 PM [qtp17973637-22] INFO  com.tatsinktechnologic.ws.process.Receiver_SMS - #################### END RECEIVE DELIVERY ############################
2018-08-11 19:13:46 PM [qtp17973637-26] INFO  com.tatsinktechnologic.ws.process.Receiver_SMS - #################### START RECEIVE DELIVERY ############################
2018-08-11 19:13:46 PM [qtp17973637-26] INFO  com.tatsinktechnologic.ws.process.Receiver_SMS - Client IP Address = 127.0.0.1
2018-08-11 19:13:46 PM [qtp17973637-21] INFO  com.tatsinktechnologic.ws.process.Receiver_SMS - #################### START RECEIVE DELIVERY ############################
2018-08-11 19:13:46 PM [qtp17973637-21] INFO  com.tatsinktechnologic.ws.process.Receiver_SMS - Client IP Address = 127.0.0.1
2018-08-11 19:13:46 PM [qtp17973637-20] INFO  com.tatsinktechnologic.ws.process.Receiver_SMS - SUCCESS_DELIVERY_CONTENT : DeliveryMessage{message_id=36, sender=8965, receiver=23766100050487, delivery_id=54, delivery_sub=1, delivery_dlvrd=1, delivery_submitDate=1808111913, delivery_doneDate=1808111913, delivery_status=DELIVRD, delivery_err=000, delivery_text=}
2018-08-11 19:13:46 PM [qtp17973637-20] INFO  com.tatsinktechnologic.ws.process.Receiver_SMS - #################### END RECEIVE DELIVERY ############################
2018-08-11 19:13:46 PM [qtp17973637-26] INFO  com.tatsinktechnologic.ws.process.Receiver_SMS - SUCCESS_DELIVERY_CONTENT : DeliveryMessage{message_id=37, sender=8965, receiver=23766100050487, delivery_id=55, delivery_sub=1, delivery_dlvrd=1, delivery_submitDate=1808111913, delivery_doneDate=1808111913, delivery_status=ACCEPTD, delivery_err=000, delivery_text=}
2018-08-11 19:13:46 PM [qtp17973637-26] INFO  com.tatsinktechnologic.ws.process.Receiver_SMS - #################### END RECEIVE DELIVERY ############################
2018-08-11 19:13:47 PM [qtp17973637-21] INFO  com.tatsinktechnologic.ws.process.Receiver_SMS - SUCCESS_DELIVERY_CONTENT : DeliveryMessage{message_id=38, sender=8965, receiver=23766100050487, delivery_id=56, delivery_sub=1, delivery_dlvrd=1, delivery_submitDate=1808111913, delivery_doneDate=1808111913, delivery_status=DELIVRD, delivery_err=000, delivery_text=}
2018-08-11 19:13:47 PM [qtp17973637-21] INFO  com.tatsinktechnologic.ws.process.Receiver_SMS - #################### END RECEIVE DELIVERY ############################
2018-08-11 19:13:51 PM [qtp17973637-23] INFO  com.tatsinktechnologic.ws.process.Receiver_SMS - #################### START RECEIVE DELIVERY ############################
2018-08-11 19:13:51 PM [qtp17973637-23] INFO  com.tatsinktechnologic.ws.process.Receiver_SMS - Client IP Address = 127.0.0.1
2018-08-11 19:13:51 PM [qtp17973637-22] INFO  com.tatsinktechnologic.ws.process.Receiver_SMS - #################### START RECEIVE DELIVERY ############################
2018-08-11 19:13:51 PM [qtp17973637-22] INFO  com.tatsinktechnologic.ws.process.Receiver_SMS - Client IP Address = 127.0.0.1
2018-08-11 19:13:51 PM [qtp17973637-20] INFO  com.tatsinktechnologic.ws.process.Receiver_SMS - #################### START RECEIVE DELIVERY ############################
2018-08-11 19:13:51 PM [qtp17973637-20] INFO  com.tatsinktechnologic.ws.process.Receiver_SMS - Client IP Address = 127.0.0.1
2018-08-11 19:13:51 PM [qtp17973637-23] INFO  com.tatsinktechnologic.ws.process.Receiver_SMS - SUCCESS_DELIVERY_CONTENT : DeliveryMessage{message_id=31, sender=8965, receiver=23766100050487, delivery_id=49, delivery_sub=1, delivery_dlvrd=1, delivery_submitDate=1808111913, delivery_doneDate=1808111913, delivery_status=DELIVRD, delivery_err=000, delivery_text=}
2018-08-11 19:13:51 PM [qtp17973637-23] INFO  com.tatsinktechnologic.ws.process.Receiver_SMS - #################### END RECEIVE DELIVERY ############################
2018-08-11 19:13:51 PM [qtp17973637-21] INFO  com.tatsinktechnologic.ws.process.Receiver_SMS - #################### START RECEIVE DELIVERY ############################
2018-08-11 19:13:51 PM [qtp17973637-21] INFO  com.tatsinktechnologic.ws.process.Receiver_SMS - Client IP Address = 127.0.0.1
2018-08-11 19:13:51 PM [qtp17973637-20] INFO  com.tatsinktechnologic.ws.process.Receiver_SMS - SUCCESS_DELIVERY_CONTENT : DeliveryMessage{message_id=34, sender=8965, receiver=23766100050487, delivery_id=52, delivery_sub=1, delivery_dlvrd=1, delivery_submitDate=1808111913, delivery_doneDate=1808111913, delivery_status=DELIVRD, delivery_err=000, delivery_text=}
2018-08-11 19:13:51 PM [qtp17973637-20] INFO  com.tatsinktechnologic.ws.process.Receiver_SMS - #################### END RECEIVE DELIVERY ############################
2018-08-11 19:13:51 PM [qtp17973637-23] INFO  com.tatsinktechnologic.ws.process.Receiver_SMS - #################### START RECEIVE DELIVERY ############################
2018-08-11 19:13:51 PM [qtp17973637-23] INFO  com.tatsinktechnologic.ws.process.Receiver_SMS - Client IP Address = 127.0.0.1
2018-08-11 19:13:51 PM [qtp17973637-22] INFO  com.tatsinktechnologic.ws.process.Receiver_SMS - SUCCESS_DELIVERY_CONTENT : DeliveryMessage{message_id=39, sender=8965, receiver=23766100050487, delivery_id=57, delivery_sub=1, delivery_dlvrd=1, delivery_submitDate=1808111913, delivery_doneDate=1808111913, delivery_status=DELIVRD, delivery_err=000, delivery_text=}
2018-08-11 19:13:51 PM [qtp17973637-22] INFO  com.tatsinktechnologic.ws.process.Receiver_SMS - #################### END RECEIVE DELIVERY ############################
2018-08-11 19:13:51 PM [qtp17973637-21] INFO  com.tatsinktechnologic.ws.process.Receiver_SMS - SUCCESS_DELIVERY_CONTENT : DeliveryMessage{message_id=3A, sender=8965, receiver=23766100050487, delivery_id=58, delivery_sub=1, delivery_dlvrd=1, delivery_submitDate=1808111913, delivery_doneDate=1808111913, delivery_status=DELIVRD, delivery_err=000, delivery_text=}
2018-08-11 19:13:51 PM [qtp17973637-21] INFO  com.tatsinktechnologic.ws.process.Receiver_SMS - #################### END RECEIVE DELIVERY ############################
2018-08-11 19:13:51 PM [qtp17973637-23] INFO  com.tatsinktechnologic.ws.process.Receiver_SMS - SUCCESS_DELIVERY_CONTENT : DeliveryMessage{message_id=3B, sender=8965, receiver=23766100050487, delivery_id=59, delivery_sub=1, delivery_dlvrd=1, delivery_submitDate=1808111913, delivery_doneDate=1808111913, delivery_status=DELIVRD, delivery_err=000, delivery_text=}
2018-08-11 19:13:51 PM [qtp17973637-23] INFO  com.tatsinktechnologic.ws.process.Receiver_SMS - #################### END RECEIVE DELIVERY ############################
2018-08-11 19:13:56 PM [qtp17973637-20] INFO  com.tatsinktechnologic.ws.process.Receiver_SMS - #################### START RECEIVE DELIVERY ############################
2018-08-11 19:13:56 PM [qtp17973637-20] INFO  com.tatsinktechnologic.ws.process.Receiver_SMS - Client IP Address = 127.0.0.1
2018-08-11 19:13:56 PM [qtp17973637-20] INFO  com.tatsinktechnologic.ws.process.Receiver_SMS - SUCCESS_DELIVERY_CONTENT : DeliveryMessage{message_id=33, sender=8965, receiver=23766100050487, delivery_id=51, delivery_sub=1, delivery_dlvrd=1, delivery_submitDate=1808111913, delivery_doneDate=1808111913, delivery_status=DELIVRD, delivery_err=000, delivery_text=}
2018-08-11 19:13:56 PM [qtp17973637-20] INFO  com.tatsinktechnologic.ws.process.Receiver_SMS - #################### END RECEIVE DELIVERY ############################
2018-08-11 19:14:01 PM [qtp17973637-23] INFO  com.tatsinktechnologic.ws.process.Receiver_SMS - #################### START RECEIVE DELIVERY ############################
2018-08-11 19:14:01 PM [qtp17973637-23] INFO  com.tatsinktechnologic.ws.process.Receiver_SMS - Client IP Address = 127.0.0.1
2018-08-11 19:14:01 PM [qtp17973637-21] INFO  com.tatsinktechnologic.ws.process.Receiver_SMS - #################### START RECEIVE DELIVERY ############################
2018-08-11 19:14:01 PM [qtp17973637-21] INFO  com.tatsinktechnologic.ws.process.Receiver_SMS - Client IP Address = 127.0.0.1
2018-08-11 19:14:01 PM [qtp17973637-22] INFO  com.tatsinktechnologic.ws.process.Receiver_SMS - #################### START RECEIVE DELIVERY ############################
2018-08-11 19:14:01 PM [qtp17973637-22] INFO  com.tatsinktechnologic.ws.process.Receiver_SMS - Client IP Address = 127.0.0.1
2018-08-11 19:14:01 PM [qtp17973637-23] INFO  com.tatsinktechnologic.ws.process.Receiver_SMS - SUCCESS_DELIVERY_CONTENT : DeliveryMessage{message_id=3D, sender=8965, receiver=23766100050487, delivery_id=61, delivery_sub=1, delivery_dlvrd=1, delivery_submitDate=1808111914, delivery_doneDate=1808111914, delivery_status=DELIVRD, delivery_err=000, delivery_text=}
2018-08-11 19:14:01 PM [qtp17973637-23] INFO  com.tatsinktechnologic.ws.process.Receiver_SMS - #################### END RECEIVE DELIVERY ############################
2018-08-11 19:14:01 PM [qtp17973637-22] INFO  com.tatsinktechnologic.ws.process.Receiver_SMS - SUCCESS_DELIVERY_CONTENT : DeliveryMessage{message_id=3E, sender=8965, receiver=23766100050487, delivery_id=62, delivery_sub=1, delivery_dlvrd=1, delivery_submitDate=1808111914, delivery_doneDate=1808111914, delivery_status=DELIVRD, delivery_err=000, delivery_text=}
2018-08-11 19:14:01 PM [qtp17973637-22] INFO  com.tatsinktechnologic.ws.process.Receiver_SMS - #################### END RECEIVE DELIVERY ############################
2018-08-11 19:14:01 PM [qtp17973637-23] INFO  com.tatsinktechnologic.ws.process.Receiver_SMS - #################### START RECEIVE DELIVERY ############################
2018-08-11 19:14:01 PM [qtp17973637-23] INFO  com.tatsinktechnologic.ws.process.Receiver_SMS - Client IP Address = 127.0.0.1
2018-08-11 19:14:01 PM [qtp17973637-21] INFO  com.tatsinktechnologic.ws.process.Receiver_SMS - SUCCESS_DELIVERY_CONTENT : DeliveryMessage{message_id=3C, sender=8965, receiver=23766100050487, delivery_id=60, delivery_sub=1, delivery_dlvrd=1, delivery_submitDate=1808111914, delivery_doneDate=1808111914, delivery_status=UNDELIV, delivery_err=000, delivery_text=}
2018-08-11 19:14:01 PM [qtp17973637-21] INFO  com.tatsinktechnologic.ws.process.Receiver_SMS - #################### END RECEIVE DELIVERY ############################
2018-08-11 19:14:01 PM [qtp17973637-26] INFO  com.tatsinktechnologic.ws.process.Receiver_SMS - #################### START RECEIVE DELIVERY ############################
2018-08-11 19:14:01 PM [qtp17973637-26] INFO  com.tatsinktechnologic.ws.process.Receiver_SMS - Client IP Address = 127.0.0.1
2018-08-11 19:14:01 PM [qtp17973637-20] INFO  com.tatsinktechnologic.ws.process.Receiver_SMS - #################### START RECEIVE DELIVERY ############################
2018-08-11 19:14:01 PM [qtp17973637-20] INFO  com.tatsinktechnologic.ws.process.Receiver_SMS - Client IP Address = 127.0.0.1
2018-08-11 19:14:01 PM [qtp17973637-23] INFO  com.tatsinktechnologic.ws.process.Receiver_SMS - SUCCESS_DELIVERY_CONTENT : DeliveryMessage{message_id=3F, sender=8965, receiver=23766100050487, delivery_id=63, delivery_sub=1, delivery_dlvrd=1, delivery_submitDate=1808111914, delivery_doneDate=1808111914, delivery_status=ACCEPTD, delivery_err=000, delivery_text=}
2018-08-11 19:14:01 PM [qtp17973637-23] INFO  com.tatsinktechnologic.ws.process.Receiver_SMS - #################### END RECEIVE DELIVERY ############################
2018-08-11 19:14:01 PM [qtp17973637-26] INFO  com.tatsinktechnologic.ws.process.Receiver_SMS - SUCCESS_DELIVERY_CONTENT : DeliveryMessage{message_id=40, sender=8965, receiver=23766100050487, delivery_id=64, delivery_sub=1, delivery_dlvrd=1, delivery_submitDate=1808111914, delivery_doneDate=1808111914, delivery_status=DELIVRD, delivery_err=000, delivery_text=}
2018-08-11 19:14:01 PM [qtp17973637-20] INFO  com.tatsinktechnologic.ws.process.Receiver_SMS - SUCCESS_DELIVERY_CONTENT : DeliveryMessage{message_id=41, sender=8965, receiver=23766100050487, delivery_id=65, delivery_sub=1, delivery_dlvrd=1, delivery_submitDate=1808111914, delivery_doneDate=1808111914, delivery_status=DELIVRD, delivery_err=000, delivery_text=}
2018-08-11 19:14:01 PM [qtp17973637-26] INFO  com.tatsinktechnologic.ws.process.Receiver_SMS - #################### END RECEIVE DELIVERY ############################
2018-08-11 19:14:01 PM [qtp17973637-20] INFO  com.tatsinktechnologic.ws.process.Receiver_SMS - #################### END RECEIVE DELIVERY ############################
2018-08-11 19:14:06 PM [qtp17973637-21] INFO  com.tatsinktechnologic.ws.process.Receiver_SMS - #################### START RECEIVE DELIVERY ############################
2018-08-11 19:14:06 PM [qtp17973637-21] INFO  com.tatsinktechnologic.ws.process.Receiver_SMS - Client IP Address = 127.0.0.1
2018-08-11 19:14:06 PM [qtp17973637-26] INFO  com.tatsinktechnologic.ws.process.Receiver_SMS - #################### START RECEIVE DELIVERY ############################
2018-08-11 19:14:06 PM [qtp17973637-26] INFO  com.tatsinktechnologic.ws.process.Receiver_SMS - Client IP Address = 127.0.0.1
2018-08-11 19:14:06 PM [qtp17973637-23] INFO  com.tatsinktechnologic.ws.process.Receiver_SMS - #################### START RECEIVE DELIVERY ############################
2018-08-11 19:14:06 PM [qtp17973637-23] INFO  com.tatsinktechnologic.ws.process.Receiver_SMS - Client IP Address = 127.0.0.1
2018-08-11 19:14:06 PM [qtp17973637-21] INFO  com.tatsinktechnologic.ws.process.Receiver_SMS - SUCCESS_DELIVERY_CONTENT : DeliveryMessage{message_id=42, sender=8965, receiver=23766100050487, delivery_id=66, delivery_sub=1, delivery_dlvrd=1, delivery_submitDate=1808111914, delivery_doneDate=1808111914, delivery_status=UNDELIV, delivery_err=000, delivery_text=}
2018-08-11 19:14:06 PM [qtp17973637-21] INFO  com.tatsinktechnologic.ws.process.Receiver_SMS - #################### END RECEIVE DELIVERY ############################
2018-08-11 19:14:06 PM [qtp17973637-22] INFO  com.tatsinktechnologic.ws.process.Receiver_SMS - #################### START RECEIVE DELIVERY ############################
2018-08-11 19:14:06 PM [qtp17973637-22] INFO  com.tatsinktechnologic.ws.process.Receiver_SMS - Client IP Address = 127.0.0.1
2018-08-11 19:14:06 PM [qtp17973637-26] INFO  com.tatsinktechnologic.ws.process.Receiver_SMS - SUCCESS_DELIVERY_CONTENT : DeliveryMessage{message_id=43, sender=8965, receiver=23766100050487, delivery_id=67, delivery_sub=1, delivery_dlvrd=1, delivery_submitDate=1808111914, delivery_doneDate=1808111914, delivery_status=DELIVRD, delivery_err=000, delivery_text=}
2018-08-11 19:14:06 PM [qtp17973637-26] INFO  com.tatsinktechnologic.ws.process.Receiver_SMS - #################### END RECEIVE DELIVERY ############################
2018-08-11 19:14:06 PM [qtp17973637-23] INFO  com.tatsinktechnologic.ws.process.Receiver_SMS - SUCCESS_DELIVERY_CONTENT : DeliveryMessage{message_id=44, sender=8965, receiver=23766100050487, delivery_id=68, delivery_sub=1, delivery_dlvrd=1, delivery_submitDate=1808111914, delivery_doneDate=1808111914, delivery_status=DELIVRD, delivery_err=000, delivery_text=}
2018-08-11 19:14:06 PM [qtp17973637-23] INFO  com.tatsinktechnologic.ws.process.Receiver_SMS - #################### END RECEIVE DELIVERY ############################
2018-08-11 19:14:06 PM [qtp17973637-21] INFO  com.tatsinktechnologic.ws.process.Receiver_SMS - #################### START RECEIVE DELIVERY ############################
2018-08-11 19:14:06 PM [qtp17973637-21] INFO  com.tatsinktechnologic.ws.process.Receiver_SMS - Client IP Address = 127.0.0.1
2018-08-11 19:14:06 PM [qtp17973637-20] INFO  com.tatsinktechnologic.ws.process.Receiver_SMS - #################### START RECEIVE DELIVERY ############################
2018-08-11 19:14:06 PM [qtp17973637-20] INFO  com.tatsinktechnologic.ws.process.Receiver_SMS - Client IP Address = 127.0.0.1
2018-08-11 19:14:06 PM [qtp17973637-22] INFO  com.tatsinktechnologic.ws.process.Receiver_SMS - SUCCESS_DELIVERY_CONTENT : DeliveryMessage{message_id=45, sender=8965, receiver=23766100050487, delivery_id=69, delivery_sub=1, delivery_dlvrd=1, delivery_submitDate=1808111914, delivery_doneDate=1808111914, delivery_status=DELIVRD, delivery_err=000, delivery_text=}
2018-08-11 19:14:06 PM [qtp17973637-22] INFO  com.tatsinktechnologic.ws.process.Receiver_SMS - #################### END RECEIVE DELIVERY ############################
2018-08-11 19:14:06 PM [qtp17973637-26] INFO  com.tatsinktechnologic.ws.process.Receiver_SMS - #################### START RECEIVE DELIVERY ############################
2018-08-11 19:14:06 PM [qtp17973637-26] INFO  com.tatsinktechnologic.ws.process.Receiver_SMS - Client IP Address = 127.0.0.1
2018-08-11 19:14:06 PM [qtp17973637-20] INFO  com.tatsinktechnologic.ws.process.Receiver_SMS - SUCCESS_DELIVERY_CONTENT : DeliveryMessage{message_id=47, sender=8965, receiver=23766100050487, delivery_id=71, delivery_sub=1, delivery_dlvrd=1, delivery_submitDate=1808111914, delivery_doneDate=1808111914, delivery_status=DELIVRD, delivery_err=000, delivery_text=}
2018-08-11 19:14:06 PM [qtp17973637-21] INFO  com.tatsinktechnologic.ws.process.Receiver_SMS - SUCCESS_DELIVERY_CONTENT : DeliveryMessage{message_id=48, sender=8965, receiver=23766100050487, delivery_id=72, delivery_sub=1, delivery_dlvrd=1, delivery_submitDate=1808111914, delivery_doneDate=1808111914, delivery_status=DELIVRD, delivery_err=000, delivery_text=}
2018-08-11 19:14:06 PM [qtp17973637-20] INFO  com.tatsinktechnologic.ws.process.Receiver_SMS - #################### END RECEIVE DELIVERY ############################
2018-08-11 19:14:06 PM [qtp17973637-21] INFO  com.tatsinktechnologic.ws.process.Receiver_SMS - #################### END RECEIVE DELIVERY ############################
2018-08-11 19:14:07 PM [qtp17973637-22] INFO  com.tatsinktechnologic.ws.process.Receiver_SMS - #################### START RECEIVE DELIVERY ############################
2018-08-11 19:14:07 PM [qtp17973637-22] INFO  com.tatsinktechnologic.ws.process.Receiver_SMS - Client IP Address = 127.0.0.1
2018-08-11 19:14:07 PM [qtp17973637-26] INFO  com.tatsinktechnologic.ws.process.Receiver_SMS - SUCCESS_DELIVERY_CONTENT : DeliveryMessage{message_id=49, sender=8965, receiver=23766100050487, delivery_id=73, delivery_sub=1, delivery_dlvrd=1, delivery_submitDate=1808111914, delivery_doneDate=1808111914, delivery_status=ACCEPTD, delivery_err=000, delivery_text=}
2018-08-11 19:14:07 PM [qtp17973637-26] INFO  com.tatsinktechnologic.ws.process.Receiver_SMS - #################### END RECEIVE DELIVERY ############################
2018-08-11 19:14:07 PM [qtp17973637-22] INFO  com.tatsinktechnologic.ws.process.Receiver_SMS - SUCCESS_DELIVERY_CONTENT : DeliveryMessage{message_id=4A, sender=8965, receiver=23766100050487, delivery_id=74, delivery_sub=1, delivery_dlvrd=1, delivery_submitDate=1808111914, delivery_doneDate=1808111914, delivery_status=DELIVRD, delivery_err=000, delivery_text=}
2018-08-11 19:14:07 PM [qtp17973637-22] INFO  com.tatsinktechnologic.ws.process.Receiver_SMS - #################### END RECEIVE DELIVERY ############################
2018-08-11 19:14:11 PM [qtp17973637-20] INFO  com.tatsinktechnologic.ws.process.Receiver_SMS - #################### START RECEIVE DELIVERY ############################
2018-08-11 19:14:11 PM [qtp17973637-20] INFO  com.tatsinktechnologic.ws.process.Receiver_SMS - Client IP Address = 127.0.0.1
2018-08-11 19:14:11 PM [qtp17973637-22] INFO  com.tatsinktechnologic.ws.process.Receiver_SMS - #################### START RECEIVE DELIVERY ############################
2018-08-11 19:14:11 PM [qtp17973637-22] INFO  com.tatsinktechnologic.ws.process.Receiver_SMS - Client IP Address = 127.0.0.1
2018-08-11 19:14:11 PM [qtp17973637-21] INFO  com.tatsinktechnologic.ws.process.Receiver_SMS - #################### START RECEIVE DELIVERY ############################
2018-08-11 19:14:11 PM [qtp17973637-21] INFO  com.tatsinktechnologic.ws.process.Receiver_SMS - Client IP Address = 127.0.0.1
2018-08-11 19:14:11 PM [qtp17973637-20] INFO  com.tatsinktechnologic.ws.process.Receiver_SMS - SUCCESS_DELIVERY_CONTENT : DeliveryMessage{message_id=46, sender=8965, receiver=23766100050487, delivery_id=70, delivery_sub=1, delivery_dlvrd=1, delivery_submitDate=1808111914, delivery_doneDate=1808111914, delivery_status=DELIVRD, delivery_err=000, delivery_text=}
2018-08-11 19:14:11 PM [qtp17973637-20] INFO  com.tatsinktechnologic.ws.process.Receiver_SMS - #################### END RECEIVE DELIVERY ############################
2018-08-11 19:14:11 PM [qtp17973637-26] INFO  com.tatsinktechnologic.ws.process.Receiver_SMS - #################### START RECEIVE DELIVERY ############################
2018-08-11 19:14:11 PM [qtp17973637-26] INFO  com.tatsinktechnologic.ws.process.Receiver_SMS - Client IP Address = 127.0.0.1
2018-08-11 19:14:11 PM [qtp17973637-22] INFO  com.tatsinktechnologic.ws.process.Receiver_SMS - SUCCESS_DELIVERY_CONTENT : DeliveryMessage{message_id=4B, sender=8965, receiver=23766100050487, delivery_id=75, delivery_sub=1, delivery_dlvrd=1, delivery_submitDate=1808111914, delivery_doneDate=1808111914, delivery_status=DELIVRD, delivery_err=000, delivery_text=}
2018-08-11 19:14:11 PM [qtp17973637-21] INFO  com.tatsinktechnologic.ws.process.Receiver_SMS - SUCCESS_DELIVERY_CONTENT : DeliveryMessage{message_id=4C, sender=8965, receiver=23766100050487, delivery_id=76, delivery_sub=1, delivery_dlvrd=1, delivery_submitDate=1808111914, delivery_doneDate=1808111914, delivery_status=DELIVRD, delivery_err=000, delivery_text=}
2018-08-11 19:14:11 PM [qtp17973637-22] INFO  com.tatsinktechnologic.ws.process.Receiver_SMS - #################### END RECEIVE DELIVERY ############################
2018-08-11 19:14:11 PM [qtp17973637-21] INFO  com.tatsinktechnologic.ws.process.Receiver_SMS - #################### END RECEIVE DELIVERY ############################
2018-08-11 19:14:11 PM [qtp17973637-26] INFO  com.tatsinktechnologic.ws.process.Receiver_SMS - SUCCESS_DELIVERY_CONTENT : DeliveryMessage{message_id=4D, sender=8965, receiver=23766100050487, delivery_id=77, delivery_sub=1, delivery_dlvrd=1, delivery_submitDate=1808111914, delivery_doneDate=1808111914, delivery_status=DELIVRD, delivery_err=000, delivery_text=}
2018-08-11 19:14:11 PM [qtp17973637-26] INFO  com.tatsinktechnologic.ws.process.Receiver_SMS - #################### END RECEIVE DELIVERY ############################
2018-08-11 20:59:29 PM [main] INFO  com.tatsinktechnologic.configuration.XML_ConfigLoader - Load log4j2.xml config file done.
2018-08-11 20:59:29 PM [main] INFO  com.tatsinktechnologic.configuration.XML_ConfigLoader - successfull load : etc\receiver_listener.xml
2018-08-11 20:59:29 PM [main] INFO  com.tatsinktechnologic.configuration.XML_ConfigLoader - successfull load : etc\smsgw_listener.xml
2018-08-11 20:59:30 PM [main] INFO  org.hibernate.jpa.internal.util.LogHelper - HHH000204: Processing PersistenceUnitInfo [
	name: DB_PU1
	...]
2018-08-11 20:59:31 PM [main] INFO  org.hibernate.Version - HHH000412: Hibernate Core {5.2.16.Final}
2018-08-11 20:59:31 PM [main] INFO  org.hibernate.cfg.Environment - HHH000206: hibernate.properties not found
2018-08-11 20:59:31 PM [main] INFO  org.hibernate.annotations.common.Version - HCANN000001: Hibernate Commons Annotations {5.0.1.Final}
2018-08-11 20:59:33 PM [main] INFO  org.hibernate.engine.jdbc.connections.internal.ConnectionProviderInitiator - HHH000130: Instantiating explicit connection provider: org.hibernate.service.jdbc.connections.internal.C3P0ConnectionProvider
2018-08-11 20:59:33 PM [main] INFO  org.hibernate.c3p0.internal.C3P0ConnectionProvider - HHH010002: C3P0 using driver: com.mysql.cj.jdbc.Driver at URL: jdbc:mysql://localhost/olivier_test
2018-08-11 20:59:33 PM [main] INFO  org.hibernate.c3p0.internal.C3P0ConnectionProvider - HHH10001001: Connection properties: {user=olivier, password=****, shutdown=true}
2018-08-11 20:59:33 PM [main] INFO  org.hibernate.c3p0.internal.C3P0ConnectionProvider - HHH10001003: Autocommit mode: false
2018-08-11 20:59:35 PM [main] INFO  org.hibernate.c3p0.internal.C3P0ConnectionProvider - HHH10001007: JDBC isolation level: <unknown>
2018-08-11 20:59:36 PM [main] INFO  org.hibernate.dialect.Dialect - HHH000400: Using dialect: org.hibernate.dialect.MariaDB53Dialect
2018-08-11 20:59:38 PM [main] INFO  org.hibernate.orm.connections.access - HHH10001501: Connection obtained from JdbcConnectionAccess [org.hibernate.engine.jdbc.env.internal.JdbcEnvironmentInitiator$ConnectionProviderJdbcConnectionAccess@1bbae752] for (non-JTA) DDL execution was not in auto-commit mode; the Connection 'local transaction' will be committed and the Connection will be set into auto-commit mode.
2018-08-11 20:59:40 PM [main] INFO  com.tatsinktechnologic.tcp.main.Receiver - node_name = RECEIVER_01
2018-08-11 20:59:40 PM [main] WARN  org.hibernate.engine.jdbc.spi.SqlExceptionHelper - SQL Error: 1062, SQLState: 23000
2018-08-11 20:59:40 PM [main] ERROR org.hibernate.engine.jdbc.spi.SqlExceptionHelper - (conn=114) Duplicate entry 'RECEIVER_01-DESKTOP-1P8QU59' for key 'PRIMARY'
2018-08-11 20:59:40 PM [main] ERROR org.hibernate.internal.ExceptionMapperStandardImpl - HHH000346: Error during managed flush [org.hibernate.exception.ConstraintViolationException: could not execute statement]
2018-08-11 20:59:40 PM [main] ERROR com.tatsinktechnologic.tcp.main.Receiver - ALREADY EXIST : Process_Unit{process_unit_id=ProcessKey{server_name=DESKTOP-1P8QU59, node_name=RECEIVER_01}, IP_address=192.168.38.1}
2018-08-11 20:59:40 PM [main] INFO  com.tatsinktechnologic.tcp.main.Receiver - Receiver is launch ........
2018-08-11 20:59:40 PM [pool-3-thread-1] INFO  org.hibernate.hql.internal.QueryTranslatorFactoryInitiator - HHH000397: Using ASTQueryTranslatorFactory
2018-08-11 20:59:40 PM [pool-3-thread-1] DEBUG org.hibernate.stat.internal.ConcurrentStatisticsImpl - HHH000117: HQL: select generatedAlias0 from Configuration as generatedAlias0 where ( generatedAlias0.process_unit.process_unit_id.node_name=:param0 ) and ( generatedAlias0.process_unit.process_unit_id.server_name=:param1 ), time: 4ms, rows: 0
2018-08-11 20:59:44 PM [pool-3-thread-1] INFO  com.tatsinktechnologic.ws.server.SOAP_HttpServerManagement - %%%%%%%%%%% SUCCESSFULL LOAD WEB SERVICE SERVER %%%%%%%%%%%%%%
2018-08-11 21:00:43 PM [qtp17973637-21] INFO  com.tatsinktechnologic.ws.process.Receiver_SMS - #################### START RECEIVE DELIVERY ############################
2018-08-11 21:00:43 PM [qtp17973637-22] INFO  com.tatsinktechnologic.ws.process.Receiver_SMS - #################### START RECEIVE DELIVERY ############################
2018-08-11 21:00:43 PM [qtp17973637-25] INFO  com.tatsinktechnologic.ws.process.Receiver_SMS - #################### START RECEIVE DELIVERY ############################
2018-08-11 21:00:43 PM [qtp17973637-25] INFO  com.tatsinktechnologic.ws.process.Receiver_SMS - Client IP Address = 127.0.0.1
2018-08-11 21:00:43 PM [qtp17973637-21] INFO  com.tatsinktechnologic.ws.process.Receiver_SMS - Client IP Address = 127.0.0.1
2018-08-11 21:00:43 PM [qtp17973637-22] INFO  com.tatsinktechnologic.ws.process.Receiver_SMS - Client IP Address = 127.0.0.1
2018-08-11 21:00:43 PM [qtp17973637-22] INFO  com.tatsinktechnologic.ws.process.Receiver_SMS - SUCCESS_DELIVERY_CONTENT : DeliveryMessage{message_id=4F, sender=8965, receiver=23766100050487, delivery_id=79, delivery_sub=1, delivery_dlvrd=1, delivery_submitDate=1808112100, delivery_doneDate=1808112100, delivery_status=DELIVRD, delivery_err=000, delivery_text=}
2018-08-11 21:00:43 PM [qtp17973637-21] INFO  com.tatsinktechnologic.ws.process.Receiver_SMS - SUCCESS_DELIVERY_CONTENT : DeliveryMessage{message_id=4E, sender=8965, receiver=23766100050487, delivery_id=78, delivery_sub=1, delivery_dlvrd=1, delivery_submitDate=1808112100, delivery_doneDate=1808112100, delivery_status=DELIVRD, delivery_err=000, delivery_text=}
2018-08-11 21:00:43 PM [qtp17973637-21] INFO  com.tatsinktechnologic.ws.process.Receiver_SMS - #################### END RECEIVE DELIVERY ############################
2018-08-11 21:00:43 PM [qtp17973637-22] INFO  com.tatsinktechnologic.ws.process.Receiver_SMS - #################### END RECEIVE DELIVERY ############################
2018-08-11 21:00:44 PM [qtp17973637-25] INFO  com.tatsinktechnologic.ws.process.Receiver_SMS - SUCCESS_DELIVERY_CONTENT : DeliveryMessage{message_id=50, sender=8965, receiver=23766100050487, delivery_id=80, delivery_sub=1, delivery_dlvrd=1, delivery_submitDate=1808112100, delivery_doneDate=1808112100, delivery_status=DELIVRD, delivery_err=000, delivery_text=}
2018-08-11 21:00:44 PM [qtp17973637-25] INFO  com.tatsinktechnologic.ws.process.Receiver_SMS - #################### END RECEIVE DELIVERY ############################
