07/02/2020 13:20:40.463  INFO [main] USSDGW: Load log4j config file done.
07/02/2020 13:20:40.652  INFO [main] ConfigLoader: successfull load : etc\kafka_config.xml
07/02/2020 13:20:40.698  INFO [main] ConfigLoader: successfull load : C:\Users\olivier.tatsinkou\Documents\NetBeansProjects\jsmpp-2.3.6\USSDGW_XML\etc\ussd_menu\ussd_500.xml
07/02/2020 13:20:40.711  INFO [main] ConfigLoader: successfull load : C:\Users\olivier.tatsinkou\Documents\NetBeansProjects\jsmpp-2.3.6\USSDGW_XML\etc\ussd_menu\ussd_500_1.xml
07/02/2020 13:20:40.716  INFO [main] ConfigLoader: successfull load Menu: UssdMenu{service=PERSONALITE, input=*500#, status=START-MENU, resp=1.toi
2.moi
3.nous
4.vous, action=null, desc=fist menue, topic=mo_topic}
07/02/2020 13:20:40.723  INFO [main] ConfigLoader: successfull load Menu: UssdMenu{service=PERSONALITE, input=*500#-1, status=END, resp=null, action=TOI, desc=command register to TOI, topic=mo_topic}
07/02/2020 13:20:40.723  INFO [main] ConfigLoader: successfull load Menu: UssdMenu{service=PERSONALITE, input=*500#-2, status=END, resp=null, action=MOI, desc=command register to MOI, topic=mo_topic}
07/02/2020 13:20:40.724  INFO [main] ConfigLoader: successfull load Menu: UssdMenu{service=PERSONALITE, input=*500#-3, status=MENU, resp=1- indetity
2- CNI
3- passport, action=null, desc=second Menu after select nous, topic=mo_topic}
07/02/2020 13:20:40.724  INFO [main] ConfigLoader: successfull load Menu: UssdMenu{service=PERSONALITE, input=*500#-3-1, status=END, resp=null, action=ID, desc=command register to ID, topic=mo_topic}
07/02/2020 13:20:40.724  INFO [main] ConfigLoader: successfull load Menu: UssdMenu{service=PERSONALITE, input=*500#-3-2, status=END, resp=null, action=CNI, desc=command register to CNI, topic=mo_topic}
07/02/2020 13:20:40.724  INFO [main] ConfigLoader: successfull load Menu: UssdMenu{service=PERSONALITE, input=*500#-3-3, status=END, resp=null, action=PASSPORT, desc=command register to PASSPORT, topic=mo_topic}
07/02/2020 13:20:40.725  INFO [main] ConfigLoader: successfull load Menu: UssdMenu{service=PERSONALITE, input=*500#-4, status=MENU, resp=1- comment
2- passe
3- voila, action=null, desc=null, topic=mo_topic}
07/02/2020 13:20:40.725  INFO [main] ConfigLoader: successfull load Menu: UssdMenu{service=PERSONALITE, input=*500#-4-1, status=END, resp=null, action=COMMENT, desc=command register to COMMENT, topic=mo_topic}
07/02/2020 13:20:40.725  INFO [main] ConfigLoader: successfull load Menu: UssdMenu{service=PERSONALITE, input=*500#-4-2, status=END, resp=null, action=PASS, desc=command register to PASS, topic=mo_topic}
07/02/2020 13:20:40.725  INFO [main] ConfigLoader: successfull load Menu: UssdMenu{service=PERSONALITE, input=*500#-4-3, status=END, resp=null, action=VOILA, desc=command register to VOILA, topic=mo_topic}
07/02/2020 13:20:40.725  INFO [main] ConfigLoader: successfull load Menu: UssdMenu{service=AFFICHAGE, input=*500*5#, status=START-END, resp=null, action=TOUS, desc=null, topic=mk_topic}
07/02/2020 13:20:40.726 ERROR [main] ConfigLoader: -------------Error: ussd flow already exist----------------
07/02/2020 13:20:40.726 ERROR [main] ConfigLoader: UssdMenu{service=PERSONALITE, input=*500#, status=START-MENU, resp=1.toi
2.moi
3.nous
4.vous, action=null, desc=fist menue, topic=mo_topic}
07/02/2020 13:20:40.726 ERROR [main] ConfigLoader: -------------Error: ussd flow already exist----------------
07/02/2020 13:20:40.727 ERROR [main] ConfigLoader: UssdMenu{service=AFFICHAGE, input=*500*5#, status=START-END, resp=null, action=TOUS, desc=null, topic=mk_topic}
07/02/2020 13:20:50.970  INFO [main] USSDGW: ############ Topic mo_topic already exists #################
07/02/2020 13:20:55.510  INFO [main] USSDGW: ############ Topic mk_topic already exists #################
07/02/2020 13:20:55.517  INFO [main] USSDGW: ############# REST API SELECTED ##############
07/02/2020 13:20:56.051  INFO [main] USSDGW: ############# USSD APPLICATION IS UP ##############
07/02/2020 13:25:52.291  INFO [main] USSDGW: Load log4j config file done.
07/02/2020 13:25:52.480  INFO [main] ConfigLoader: successfull load : etc\kafka_config.xml
07/02/2020 13:25:52.516  INFO [main] ConfigLoader: successfull load : C:\Users\olivier.tatsinkou\Documents\NetBeansProjects\jsmpp-2.3.6\USSDGW_XML\etc\ussd_menu\ussd_500.xml
07/02/2020 13:25:52.529  INFO [main] ConfigLoader: successfull load : C:\Users\olivier.tatsinkou\Documents\NetBeansProjects\jsmpp-2.3.6\USSDGW_XML\etc\ussd_menu\ussd_500_1.xml
07/02/2020 13:25:52.533  INFO [main] ConfigLoader: successfull load Menu: UssdMenu{service=PERSONALITE, input=*500#, status=START-MENU, resp=1.toi
2.moi
3.nous
4.vous, action=null, desc=fist menue, topic=mo_topic}
07/02/2020 13:25:52.533  INFO [main] ConfigLoader: successfull load Menu: UssdMenu{service=PERSONALITE, input=*500#-1, status=END, resp=null, action=TOI, desc=command register to TOI, topic=mo_topic}
07/02/2020 13:25:52.533  INFO [main] ConfigLoader: successfull load Menu: UssdMenu{service=PERSONALITE, input=*500#-2, status=END, resp=null, action=MOI, desc=command register to MOI, topic=mo_topic}
07/02/2020 13:25:52.533  INFO [main] ConfigLoader: successfull load Menu: UssdMenu{service=PERSONALITE, input=*500#-3, status=MENU, resp=1- indetity
2- CNI
3- passport, action=null, desc=second Menu after select nous, topic=mo_topic}
07/02/2020 13:25:52.534  INFO [main] ConfigLoader: successfull load Menu: UssdMenu{service=PERSONALITE, input=*500#-3-1, status=END, resp=null, action=ID, desc=command register to ID, topic=mo_topic}
07/02/2020 13:25:52.534  INFO [main] ConfigLoader: successfull load Menu: UssdMenu{service=PERSONALITE, input=*500#-3-2, status=END, resp=null, action=CNI, desc=command register to CNI, topic=mo_topic}
07/02/2020 13:25:52.534  INFO [main] ConfigLoader: successfull load Menu: UssdMenu{service=PERSONALITE, input=*500#-3-3, status=END, resp=null, action=PASSPORT, desc=command register to PASSPORT, topic=mo_topic}
07/02/2020 13:25:52.534  INFO [main] ConfigLoader: successfull load Menu: UssdMenu{service=PERSONALITE, input=*500#-4, status=MENU, resp=1- comment
2- passe
3- voila, action=null, desc=null, topic=mo_topic}
07/02/2020 13:25:52.534  INFO [main] ConfigLoader: successfull load Menu: UssdMenu{service=PERSONALITE, input=*500#-4-1, status=END, resp=null, action=COMMENT, desc=command register to COMMENT, topic=mo_topic}
07/02/2020 13:25:52.534  INFO [main] ConfigLoader: successfull load Menu: UssdMenu{service=PERSONALITE, input=*500#-4-2, status=END, resp=null, action=PASS, desc=command register to PASS, topic=mo_topic}
07/02/2020 13:25:52.535  INFO [main] ConfigLoader: successfull load Menu: UssdMenu{service=PERSONALITE, input=*500#-4-3, status=END, resp=null, action=VOILA, desc=command register to VOILA, topic=mo_topic}
07/02/2020 13:25:52.535  INFO [main] ConfigLoader: successfull load Menu: UssdMenu{service=AFFICHAGE, input=*500*5#, status=START-END, resp=null, action=TOUS, desc=null, topic=mk_topic}
07/02/2020 13:25:52.535 ERROR [main] ConfigLoader: -------------Error: ussd flow already exist----------------
07/02/2020 13:25:52.535 ERROR [main] ConfigLoader: UssdMenu{service=PERSONALITE, input=*500#, status=START-MENU, resp=1.toi
2.moi
3.nous
4.vous, action=null, desc=fist menue, topic=mo_topic}
07/02/2020 13:25:52.536 ERROR [main] ConfigLoader: -------------Error: ussd flow already exist----------------
07/02/2020 13:25:52.536 ERROR [main] ConfigLoader: UssdMenu{service=AFFICHAGE, input=*500*5#, status=START-END, resp=null, action=TOUS, desc=null, topic=mk_topic}
07/02/2020 13:26:05.763  INFO [main] USSDGW: ############ Topic mo_topic already exists #################
07/02/2020 13:26:10.301  INFO [main] USSDGW: ############ Topic mk_topic already exists #################
07/02/2020 13:26:10.308  INFO [main] USSDGW: ############# BOTH (REST API and SMPP SELECTED ##############
07/02/2020 13:26:15.258  INFO [main] USSDGW: ############# Topic delv_topic created ##############
07/02/2020 13:31:44.914  INFO [main] USSDGW: Load log4j config file done.
07/02/2020 13:31:45.095  INFO [main] ConfigLoader: successfull load : etc\kafka_config.xml
07/02/2020 13:31:45.135  INFO [main] ConfigLoader: successfull load : C:\Users\olivier.tatsinkou\Documents\NetBeansProjects\jsmpp-2.3.6\USSDGW_XML\etc\ussd_menu\ussd_500.xml
07/02/2020 13:31:45.150  INFO [main] ConfigLoader: successfull load : C:\Users\olivier.tatsinkou\Documents\NetBeansProjects\jsmpp-2.3.6\USSDGW_XML\etc\ussd_menu\ussd_500_1.xml
07/02/2020 13:31:45.154  INFO [main] ConfigLoader: successfull load Menu: UssdMenu{service=PERSONALITE, input=*500#, status=START-MENU, resp=1.toi
2.moi
3.nous
4.vous, action=null, desc=fist menue, topic=mo_topic}
07/02/2020 13:31:45.154  INFO [main] ConfigLoader: successfull load Menu: UssdMenu{service=PERSONALITE, input=*500#-1, status=END, resp=null, action=TOI, desc=command register to TOI, topic=mo_topic}
07/02/2020 13:31:45.154  INFO [main] ConfigLoader: successfull load Menu: UssdMenu{service=PERSONALITE, input=*500#-2, status=END, resp=null, action=MOI, desc=command register to MOI, topic=mo_topic}
07/02/2020 13:31:45.155  INFO [main] ConfigLoader: successfull load Menu: UssdMenu{service=PERSONALITE, input=*500#-3, status=MENU, resp=1- indetity
2- CNI
3- passport, action=null, desc=second Menu after select nous, topic=mo_topic}
07/02/2020 13:31:45.155  INFO [main] ConfigLoader: successfull load Menu: UssdMenu{service=PERSONALITE, input=*500#-3-1, status=END, resp=null, action=ID, desc=command register to ID, topic=mo_topic}
07/02/2020 13:31:45.155  INFO [main] ConfigLoader: successfull load Menu: UssdMenu{service=PERSONALITE, input=*500#-3-2, status=END, resp=null, action=CNI, desc=command register to CNI, topic=mo_topic}
07/02/2020 13:31:45.156  INFO [main] ConfigLoader: successfull load Menu: UssdMenu{service=PERSONALITE, input=*500#-3-3, status=END, resp=null, action=PASSPORT, desc=command register to PASSPORT, topic=mo_topic}
07/02/2020 13:31:45.156  INFO [main] ConfigLoader: successfull load Menu: UssdMenu{service=PERSONALITE, input=*500#-4, status=MENU, resp=1- comment
2- passe
3- voila, action=null, desc=null, topic=mo_topic}
07/02/2020 13:31:45.156  INFO [main] ConfigLoader: successfull load Menu: UssdMenu{service=PERSONALITE, input=*500#-4-1, status=END, resp=null, action=COMMENT, desc=command register to COMMENT, topic=mo_topic}
07/02/2020 13:31:45.158  INFO [main] ConfigLoader: successfull load Menu: UssdMenu{service=PERSONALITE, input=*500#-4-2, status=END, resp=null, action=PASS, desc=command register to PASS, topic=mo_topic}
07/02/2020 13:31:45.160  INFO [main] ConfigLoader: successfull load Menu: UssdMenu{service=PERSONALITE, input=*500#-4-3, status=END, resp=null, action=VOILA, desc=command register to VOILA, topic=mo_topic}
07/02/2020 13:31:45.160  INFO [main] ConfigLoader: successfull load Menu: UssdMenu{service=AFFICHAGE, input=*500*5#, status=START-END, resp=null, action=TOUS, desc=null, topic=mk_topic}
07/02/2020 13:31:45.161 ERROR [main] ConfigLoader: -------------Error: ussd flow already exist----------------
07/02/2020 13:31:45.161 ERROR [main] ConfigLoader: UssdMenu{service=PERSONALITE, input=*500#, status=START-MENU, resp=1.toi
2.moi
3.nous
4.vous, action=null, desc=fist menue, topic=mo_topic}
07/02/2020 13:31:45.161 ERROR [main] ConfigLoader: -------------Error: ussd flow already exist----------------
07/02/2020 13:31:45.161 ERROR [main] ConfigLoader: UssdMenu{service=AFFICHAGE, input=*500*5#, status=START-END, resp=null, action=TOUS, desc=null, topic=mk_topic}
07/02/2020 13:32:02.658 ERROR [main] USSDGW: cannot create topic : mo_topic
org.I0Itec.zkclient.exception.ZkTimeoutException: Unable to connect to zookeeper server '10.124.160.67:2181' with timeout of 10000 ms
	at org.I0Itec.zkclient.ZkClient.connect(ZkClient.java:1233)
	at org.I0Itec.zkclient.ZkClient.<init>(ZkClient.java:157)
	at org.I0Itec.zkclient.ZkClient.<init>(ZkClient.java:131)
	at org.I0Itec.zkclient.ZkClient.<init>(ZkClient.java:98)
	at com.tatsinktechnologic.main.USSDGW.createTopicIfNotExists(USSDGW.java:145)
	at com.tatsinktechnologic.main.USSDGW.main(USSDGW.java:72)
07/02/2020 13:32:14.876 ERROR [main] USSDGW: cannot create topic : mk_topic
org.I0Itec.zkclient.exception.ZkTimeoutException: Unable to connect to zookeeper server '10.124.160.67:2181' with timeout of 10000 ms
	at org.I0Itec.zkclient.ZkClient.connect(ZkClient.java:1233)
	at org.I0Itec.zkclient.ZkClient.<init>(ZkClient.java:157)
	at org.I0Itec.zkclient.ZkClient.<init>(ZkClient.java:131)
	at org.I0Itec.zkclient.ZkClient.<init>(ZkClient.java:98)
	at com.tatsinktechnologic.main.USSDGW.createTopicIfNotExists(USSDGW.java:145)
	at com.tatsinktechnologic.main.USSDGW.main(USSDGW.java:72)
07/02/2020 13:32:14.877  INFO [main] USSDGW: ############# BOTH (REST API and SMPP SELECTED ##############
07/02/2020 13:32:27.104 ERROR [main] USSDGW: cannot create topic : delv_topic
org.I0Itec.zkclient.exception.ZkTimeoutException: Unable to connect to zookeeper server '10.124.160.67:2181' with timeout of 10000 ms
	at org.I0Itec.zkclient.ZkClient.connect(ZkClient.java:1233)
	at org.I0Itec.zkclient.ZkClient.<init>(ZkClient.java:157)
	at org.I0Itec.zkclient.ZkClient.<init>(ZkClient.java:131)
	at org.I0Itec.zkclient.ZkClient.<init>(ZkClient.java:98)
	at com.tatsinktechnologic.main.USSDGW.createTopicIfNotExists(USSDGW.java:145)
	at com.tatsinktechnologic.main.USSDGW.main(USSDGW.java:104)
07/02/2020 13:32:27.105  INFO [main] USSDGW: ############# START SMPP ##############
07/02/2020 13:35:47.706  INFO [main] USSDGW: Load log4j config file done.
07/02/2020 13:35:47.873  INFO [main] ConfigLoader: successfull load : etc\kafka_config.xml
07/02/2020 13:35:47.910  INFO [main] ConfigLoader: successfull load : C:\Users\olivier.tatsinkou\Documents\NetBeansProjects\jsmpp-2.3.6\USSDGW_XML\etc\ussd_menu\ussd_500.xml
07/02/2020 13:35:47.925  INFO [main] ConfigLoader: successfull load : C:\Users\olivier.tatsinkou\Documents\NetBeansProjects\jsmpp-2.3.6\USSDGW_XML\etc\ussd_menu\ussd_500_1.xml
07/02/2020 13:35:47.929  INFO [main] ConfigLoader: successfull load Menu: UssdMenu{service=PERSONALITE, input=*500#, status=START-MENU, resp=1.toi
2.moi
3.nous
4.vous, action=null, desc=fist menue, topic=mo_topic}
07/02/2020 13:35:47.930  INFO [main] ConfigLoader: successfull load Menu: UssdMenu{service=PERSONALITE, input=*500#-1, status=END, resp=null, action=TOI, desc=command register to TOI, topic=mo_topic}
07/02/2020 13:35:47.930  INFO [main] ConfigLoader: successfull load Menu: UssdMenu{service=PERSONALITE, input=*500#-2, status=END, resp=null, action=MOI, desc=command register to MOI, topic=mo_topic}
07/02/2020 13:35:47.930  INFO [main] ConfigLoader: successfull load Menu: UssdMenu{service=PERSONALITE, input=*500#-3, status=MENU, resp=1- indetity
2- CNI
3- passport, action=null, desc=second Menu after select nous, topic=mo_topic}
07/02/2020 13:35:47.930  INFO [main] ConfigLoader: successfull load Menu: UssdMenu{service=PERSONALITE, input=*500#-3-1, status=END, resp=null, action=ID, desc=command register to ID, topic=mo_topic}
07/02/2020 13:35:47.930  INFO [main] ConfigLoader: successfull load Menu: UssdMenu{service=PERSONALITE, input=*500#-3-2, status=END, resp=null, action=CNI, desc=command register to CNI, topic=mo_topic}
07/02/2020 13:35:47.930  INFO [main] ConfigLoader: successfull load Menu: UssdMenu{service=PERSONALITE, input=*500#-3-3, status=END, resp=null, action=PASSPORT, desc=command register to PASSPORT, topic=mo_topic}
07/02/2020 13:35:47.931  INFO [main] ConfigLoader: successfull load Menu: UssdMenu{service=PERSONALITE, input=*500#-4, status=MENU, resp=1- comment
2- passe
3- voila, action=null, desc=null, topic=mo_topic}
07/02/2020 13:35:47.931  INFO [main] ConfigLoader: successfull load Menu: UssdMenu{service=PERSONALITE, input=*500#-4-1, status=END, resp=null, action=COMMENT, desc=command register to COMMENT, topic=mo_topic}
07/02/2020 13:35:47.932  INFO [main] ConfigLoader: successfull load Menu: UssdMenu{service=PERSONALITE, input=*500#-4-2, status=END, resp=null, action=PASS, desc=command register to PASS, topic=mo_topic}
07/02/2020 13:35:47.932  INFO [main] ConfigLoader: successfull load Menu: UssdMenu{service=PERSONALITE, input=*500#-4-3, status=END, resp=null, action=VOILA, desc=command register to VOILA, topic=mo_topic}
07/02/2020 13:35:47.932  INFO [main] ConfigLoader: successfull load Menu: UssdMenu{service=AFFICHAGE, input=*500*5#, status=START-END, resp=null, action=TOUS, desc=null, topic=mk_topic}
07/02/2020 13:35:47.934 ERROR [main] ConfigLoader: -------------Error: ussd flow already exist----------------
07/02/2020 13:35:47.934 ERROR [main] ConfigLoader: UssdMenu{service=PERSONALITE, input=*500#, status=START-MENU, resp=1.toi
2.moi
3.nous
4.vous, action=null, desc=fist menue, topic=mo_topic}
07/02/2020 13:35:47.935 ERROR [main] ConfigLoader: -------------Error: ussd flow already exist----------------
07/02/2020 13:35:47.936 ERROR [main] ConfigLoader: UssdMenu{service=AFFICHAGE, input=*500*5#, status=START-END, resp=null, action=TOUS, desc=null, topic=mk_topic}
07/02/2020 13:36:05.163 ERROR [main] USSDGW: cannot create topic : mo_topic
org.I0Itec.zkclient.exception.ZkTimeoutException: Unable to connect to zookeeper server '10.124.160.67:2181' with timeout of 10000 ms
	at org.I0Itec.zkclient.ZkClient.connect(ZkClient.java:1233)
	at org.I0Itec.zkclient.ZkClient.<init>(ZkClient.java:157)
	at org.I0Itec.zkclient.ZkClient.<init>(ZkClient.java:131)
	at org.I0Itec.zkclient.ZkClient.<init>(ZkClient.java:98)
	at com.tatsinktechnologic.main.USSDGW.createTopicIfNotExists(USSDGW.java:149)
	at com.tatsinktechnologic.main.USSDGW.main(USSDGW.java:74)
07/02/2020 13:36:17.569 ERROR [main] USSDGW: cannot create topic : mk_topic
org.I0Itec.zkclient.exception.ZkTimeoutException: Unable to connect to zookeeper server '10.124.160.67:2181' with timeout of 10000 ms
	at org.I0Itec.zkclient.ZkClient.connect(ZkClient.java:1233)
	at org.I0Itec.zkclient.ZkClient.<init>(ZkClient.java:157)
	at org.I0Itec.zkclient.ZkClient.<init>(ZkClient.java:131)
	at org.I0Itec.zkclient.ZkClient.<init>(ZkClient.java:98)
	at com.tatsinktechnologic.main.USSDGW.createTopicIfNotExists(USSDGW.java:149)
	at com.tatsinktechnologic.main.USSDGW.main(USSDGW.java:74)
07/02/2020 13:36:17.569  INFO [main] USSDGW: ############# BOTH (REST API and SMPP SELECTED ##############
07/02/2020 13:36:29.961 ERROR [main] USSDGW: cannot create topic : delv_topic
org.I0Itec.zkclient.exception.ZkTimeoutException: Unable to connect to zookeeper server '10.124.160.67:2181' with timeout of 10000 ms
	at org.I0Itec.zkclient.ZkClient.connect(ZkClient.java:1233)
	at org.I0Itec.zkclient.ZkClient.<init>(ZkClient.java:157)
	at org.I0Itec.zkclient.ZkClient.<init>(ZkClient.java:131)
	at org.I0Itec.zkclient.ZkClient.<init>(ZkClient.java:98)
	at com.tatsinktechnologic.main.USSDGW.createTopicIfNotExists(USSDGW.java:149)
	at com.tatsinktechnologic.main.USSDGW.main(USSDGW.java:107)
07/02/2020 13:36:29.962  INFO [main] USSDGW: ############# START SMPP ##############
07/02/2020 13:38:22.086  INFO [main] USSDGW: Load log4j config file done.
07/02/2020 13:38:22.257  INFO [main] ConfigLoader: successfull load : etc\kafka_config.xml
07/02/2020 13:38:22.300  INFO [main] ConfigLoader: successfull load : C:\Users\olivier.tatsinkou\Documents\NetBeansProjects\jsmpp-2.3.6\USSDGW_XML\etc\ussd_menu\ussd_500.xml
07/02/2020 13:38:22.318  INFO [main] ConfigLoader: successfull load : C:\Users\olivier.tatsinkou\Documents\NetBeansProjects\jsmpp-2.3.6\USSDGW_XML\etc\ussd_menu\ussd_500_1.xml
07/02/2020 13:38:22.322  INFO [main] ConfigLoader: successfull load Menu: UssdMenu{service=PERSONALITE, input=*500#, status=START-MENU, resp=1.toi
2.moi
3.nous
4.vous, action=null, desc=fist menue, topic=mo_topic}
07/02/2020 13:38:22.323  INFO [main] ConfigLoader: successfull load Menu: UssdMenu{service=PERSONALITE, input=*500#-1, status=END, resp=null, action=TOI, desc=command register to TOI, topic=mo_topic}
07/02/2020 13:38:22.325  INFO [main] ConfigLoader: successfull load Menu: UssdMenu{service=PERSONALITE, input=*500#-2, status=END, resp=null, action=MOI, desc=command register to MOI, topic=mo_topic}
07/02/2020 13:38:22.325  INFO [main] ConfigLoader: successfull load Menu: UssdMenu{service=PERSONALITE, input=*500#-3, status=MENU, resp=1- indetity
2- CNI
3- passport, action=null, desc=second Menu after select nous, topic=mo_topic}
07/02/2020 13:38:22.326  INFO [main] ConfigLoader: successfull load Menu: UssdMenu{service=PERSONALITE, input=*500#-3-1, status=END, resp=null, action=ID, desc=command register to ID, topic=mo_topic}
07/02/2020 13:38:22.326  INFO [main] ConfigLoader: successfull load Menu: UssdMenu{service=PERSONALITE, input=*500#-3-2, status=END, resp=null, action=CNI, desc=command register to CNI, topic=mo_topic}
07/02/2020 13:38:22.326  INFO [main] ConfigLoader: successfull load Menu: UssdMenu{service=PERSONALITE, input=*500#-3-3, status=END, resp=null, action=PASSPORT, desc=command register to PASSPORT, topic=mo_topic}
07/02/2020 13:38:22.327  INFO [main] ConfigLoader: successfull load Menu: UssdMenu{service=PERSONALITE, input=*500#-4, status=MENU, resp=1- comment
2- passe
3- voila, action=null, desc=null, topic=mo_topic}
07/02/2020 13:38:22.327  INFO [main] ConfigLoader: successfull load Menu: UssdMenu{service=PERSONALITE, input=*500#-4-1, status=END, resp=null, action=COMMENT, desc=command register to COMMENT, topic=mo_topic}
07/02/2020 13:38:22.329  INFO [main] ConfigLoader: successfull load Menu: UssdMenu{service=PERSONALITE, input=*500#-4-2, status=END, resp=null, action=PASS, desc=command register to PASS, topic=mo_topic}
07/02/2020 13:38:22.329  INFO [main] ConfigLoader: successfull load Menu: UssdMenu{service=PERSONALITE, input=*500#-4-3, status=END, resp=null, action=VOILA, desc=command register to VOILA, topic=mo_topic}
07/02/2020 13:38:22.332  INFO [main] ConfigLoader: successfull load Menu: UssdMenu{service=AFFICHAGE, input=*500*5#, status=START-END, resp=null, action=TOUS, desc=null, topic=mk_topic}
07/02/2020 13:38:22.334 ERROR [main] ConfigLoader: -------------Error: ussd flow already exist----------------
07/02/2020 13:38:22.334 ERROR [main] ConfigLoader: UssdMenu{service=PERSONALITE, input=*500#, status=START-MENU, resp=1.toi
2.moi
3.nous
4.vous, action=null, desc=fist menue, topic=mo_topic}
07/02/2020 13:38:22.335 ERROR [main] ConfigLoader: -------------Error: ussd flow already exist----------------
07/02/2020 13:38:22.337 ERROR [main] ConfigLoader: UssdMenu{service=AFFICHAGE, input=*500*5#, status=START-END, resp=null, action=TOUS, desc=null, topic=mk_topic}
07/02/2020 13:38:32.010  INFO [main] USSDGW: ############ Topic mo_topic already exists #################
07/02/2020 13:38:36.548  INFO [main] USSDGW: ############ Topic mk_topic already exists #################
07/02/2020 13:38:36.555  INFO [main] USSDGW: ############# BOTH (REST API and SMPP SELECTED ##############
07/02/2020 13:38:41.081  INFO [main] USSDGW: ############ Topic delv_topic already exists #################
07/02/2020 13:38:41.088  INFO [main] USSDGW: ############# START SMPP ##############
07/02/2020 13:41:04.914  INFO [main] USSDGW: Load log4j config file done.
07/02/2020 13:41:05.075  INFO [main] ConfigLoader: successfull load : etc\kafka_config.xml
07/02/2020 13:41:05.113  INFO [main] ConfigLoader: successfull load : C:\Users\olivier.tatsinkou\Documents\NetBeansProjects\jsmpp-2.3.6\USSDGW_XML\etc\ussd_menu\ussd_500.xml
07/02/2020 13:41:05.149  INFO [main] ConfigLoader: successfull load : C:\Users\olivier.tatsinkou\Documents\NetBeansProjects\jsmpp-2.3.6\USSDGW_XML\etc\ussd_menu\ussd_500_1.xml
07/02/2020 13:41:05.154  INFO [main] ConfigLoader: successfull load Menu: UssdMenu{service=PERSONALITE, input=*500#, status=START-MENU, resp=1.toi
2.moi
3.nous
4.vous, action=null, desc=fist menue, topic=mo_topic}
07/02/2020 13:41:05.155  INFO [main] ConfigLoader: successfull load Menu: UssdMenu{service=PERSONALITE, input=*500#-1, status=END, resp=null, action=TOI, desc=command register to TOI, topic=mo_topic}
07/02/2020 13:41:05.155  INFO [main] ConfigLoader: successfull load Menu: UssdMenu{service=PERSONALITE, input=*500#-2, status=END, resp=null, action=MOI, desc=command register to MOI, topic=mo_topic}
07/02/2020 13:41:05.156  INFO [main] ConfigLoader: successfull load Menu: UssdMenu{service=PERSONALITE, input=*500#-3, status=MENU, resp=1- indetity
2- CNI
3- passport, action=null, desc=second Menu after select nous, topic=mo_topic}
07/02/2020 13:41:05.156  INFO [main] ConfigLoader: successfull load Menu: UssdMenu{service=PERSONALITE, input=*500#-3-1, status=END, resp=null, action=ID, desc=command register to ID, topic=mo_topic}
07/02/2020 13:41:05.156  INFO [main] ConfigLoader: successfull load Menu: UssdMenu{service=PERSONALITE, input=*500#-3-2, status=END, resp=null, action=CNI, desc=command register to CNI, topic=mo_topic}
07/02/2020 13:41:05.156  INFO [main] ConfigLoader: successfull load Menu: UssdMenu{service=PERSONALITE, input=*500#-3-3, status=END, resp=null, action=PASSPORT, desc=command register to PASSPORT, topic=mo_topic}
07/02/2020 13:41:05.157  INFO [main] ConfigLoader: successfull load Menu: UssdMenu{service=PERSONALITE, input=*500#-4, status=MENU, resp=1- comment
2- passe
3- voila, action=null, desc=null, topic=mo_topic}
07/02/2020 13:41:05.157  INFO [main] ConfigLoader: successfull load Menu: UssdMenu{service=PERSONALITE, input=*500#-4-1, status=END, resp=null, action=COMMENT, desc=command register to COMMENT, topic=mo_topic}
07/02/2020 13:41:05.157  INFO [main] ConfigLoader: successfull load Menu: UssdMenu{service=PERSONALITE, input=*500#-4-2, status=END, resp=null, action=PASS, desc=command register to PASS, topic=mo_topic}
07/02/2020 13:41:05.157  INFO [main] ConfigLoader: successfull load Menu: UssdMenu{service=PERSONALITE, input=*500#-4-3, status=END, resp=null, action=VOILA, desc=command register to VOILA, topic=mo_topic}
07/02/2020 13:41:05.157  INFO [main] ConfigLoader: successfull load Menu: UssdMenu{service=AFFICHAGE, input=*500*5#, status=START-END, resp=null, action=TOUS, desc=null, topic=mk_topic}
07/02/2020 13:41:05.158 ERROR [main] ConfigLoader: -------------Error: ussd flow already exist----------------
07/02/2020 13:41:05.158 ERROR [main] ConfigLoader: UssdMenu{service=PERSONALITE, input=*500#, status=START-MENU, resp=1.toi
2.moi
3.nous
4.vous, action=null, desc=fist menue, topic=mo_topic}
07/02/2020 13:41:05.158 ERROR [main] ConfigLoader: -------------Error: ussd flow already exist----------------
07/02/2020 13:41:05.159 ERROR [main] ConfigLoader: UssdMenu{service=AFFICHAGE, input=*500*5#, status=START-END, resp=null, action=TOUS, desc=null, topic=mk_topic}
07/02/2020 13:41:17.865  INFO [main] USSDGW: ############ Topic mo_topic already exists #################
07/02/2020 13:41:22.452  INFO [main] USSDGW: ############ Topic mk_topic already exists #################
07/02/2020 13:41:22.458  INFO [main] USSDGW: ############# BOTH (REST API and SMPP SELECTED ##############
07/02/2020 13:41:26.985  INFO [main] USSDGW: ############ Topic delv_topic already exists #################
07/02/2020 13:41:26.991  INFO [main] USSDGW: ############# START SMPP ##############
07/02/2020 13:41:28.105 ERROR [main] SMSGateway: cannot get session connection
java.net.ConnectException: Connection refused: connect
	at java.net.DualStackPlainSocketImpl.connect0(Native Method)
	at java.net.DualStackPlainSocketImpl.socketConnect(DualStackPlainSocketImpl.java:79)
	at java.net.AbstractPlainSocketImpl.doConnect(AbstractPlainSocketImpl.java:350)
	at java.net.AbstractPlainSocketImpl.connectToAddress(AbstractPlainSocketImpl.java:206)
	at java.net.AbstractPlainSocketImpl.connect(AbstractPlainSocketImpl.java:188)
	at java.net.PlainSocketImpl.connect(PlainSocketImpl.java:172)
	at java.net.SocksSocketImpl.connect(SocksSocketImpl.java:392)
	at java.net.Socket.connect(Socket.java:589)
	at java.net.Socket.connect(Socket.java:538)
	at java.net.Socket.<init>(Socket.java:434)
	at java.net.Socket.<init>(Socket.java:211)
	at org.jsmpp.session.connection.socket.SocketConnectionFactory.createConnection(SocketConnectionFactory.java:40)
	at org.jsmpp.session.SMPPSession.connectAndBind(SMPPSession.java:222)
	at org.jsmpp.session.SMPPSession.connectAndBind(SMPPSession.java:201)
	at org.jsmpp.session.SMPPSession.<init>(SMPPSession.java:140)
	at com.tatsinktechnologic.smpp.gateway.SMSGateway.newSession(SMSGateway.java:309)
	at com.tatsinktechnologic.smpp.gateway.SMSGateway.<init>(SMSGateway.java:84)
	at com.tatsinktechnologic.smpp.gateway.SMSGateway.<init>(SMSGateway.java:54)
	at com.tatsinktechnologic.smpp.gateway.SMSGateway$SingletonSenderGateway.<clinit>(SMSGateway.java:104)
	at com.tatsinktechnologic.smpp.gateway.SMSGateway.getSenderGateway(SMSGateway.java:110)
	at com.tatsinktechnologic.main.USSDGW.main(USSDGW.java:113)
07/02/2020 13:41:28.107  INFO [main] USSDGW: ############# START API ##############
07/02/2020 13:41:28.571  INFO [main] USSDGW: ############# USSD APPLICATION IS UP ##############
