05/12/2019 10:11:39.305  INFO [pool-7-thread-1] Receiver: request receive   : {
  "transaction_id" : "3e051416-173f-11ea-be39-03f198796053",
  "service_id" : "CHOCHO",
  "message_id" : null,
  "sender" : "661000504",
  "receiver" : "8755",
  "content" : "CHO1",
  "exchange_mode" : "SMS"
}
05/12/2019 10:11:39.316  INFO [pool-7-thread-1] Receiver: transaction_id   : 3e051416-173f-11ea-be39-03f198796053
05/12/2019 10:11:39.317  INFO [pool-7-thread-1] Receiver: content send by customer   : CHO1
05/12/2019 10:11:39.317  INFO [pool-7-thread-1] Receiver: customer phone number      : 661000504
05/12/2019 10:11:39.317  INFO [pool-7-thread-1] Receiver: short code                 : 8755
05/12/2019 10:11:39.317  INFO [pool-7-thread-1] Receiver: Emitte to Register Process : Process_Request{transaction_id=3e051416-173f-11ea-be39-03f198796053, msisdn=661000504, receiver=8755, content=CHO1, command_code=CHO1, split_separate=, param_name=null, param_length=null, param_pattern=null, param_value=H O 1, channel=8755, action_type=REGISTER, action_description=action to register on cho1, receive_time=2019-12-05 10:11:39.304, product_name=CHO1, notification_code=null, language=null, exchange_mode=SMS}
05/12/2019 10:11:39.319  INFO [pool-3-thread-1] Process_Register: Get message in Register queue :Process_Request{transaction_id=3e051416-173f-11ea-be39-03f198796053, msisdn=661000504, receiver=8755, content=CHO1, command_code=CHO1, split_separate=, param_name=null, param_length=null, param_pattern=null, param_value=H O 1, channel=8755, action_type=REGISTER, action_description=action to register on cho1, receive_time=2019-12-05 10:11:39.304, product_name=CHO1, notification_code=null, language=null, exchange_mode=SMS}
05/12/2019 10:11:39.325  INFO [pool-3-thread-1] Process_Register: Register Queue size :0
05/12/2019 10:11:39.341  INFO [pool-3-thread-1] Webservice_Charge: request : 
<?xml version="1.0" encoding="UTF-8" standalone="yes"?>
<Request>
    <charge_amount>0</charge_amount>
    <msisdn>661000504</msisdn>
    <reg_transaction_id>3e051416-173f-11ea-be39-03f198796053</reg_transaction_id>
    <WSparam>
        <alias>_description_</alias>
        <value>Product Cho1 is daily offer</value>
    </WSparam>
    <WSparam>
        <alias>_msisdn_</alias>
        <value>661000504</value>
    </WSparam>
    <WSparam>
        <alias>_fee_</alias>
        <value>50</value>
    </WSparam>
    <ws_block_api_name>CHARGE</ws_block_api_name>
    <ws_client_name>flash_sms</ws_client_name>
</Request>

05/12/2019 10:11:39.439  INFO [pool-3-thread-1] Webservice_Charge: Auth request : 
<?xml version="1.0" encoding="UTF-8" standalone="yes"?>
<account>
    <password>flash@123</password>
    <user_name>flash</user_name>
    <ws_block_api_name>CHARGE</ws_block_api_name>
    <ws_client_name>flash_sms</ws_client_name>
</account>

05/12/2019 10:11:39.439  INFO [pool-3-thread-1] Webservice_Charge: Auth token : 
05/12/2019 10:11:39.506  INFO [pool-3-thread-1] StatisticalLoggingSessionEventListener: Session Metrics {
    804863 nanoseconds spent acquiring 2 JDBC connections;
    564907 nanoseconds spent releasing 2 JDBC connections;
    131413 nanoseconds spent preparing 1 JDBC statements;
    1072129 nanoseconds spent executing 1 JDBC statements;
    0 nanoseconds spent executing 0 JDBC batches;
    0 nanoseconds spent performing 0 L2C puts;
    0 nanoseconds spent performing 0 L2C hits;
    0 nanoseconds spent performing 0 L2C misses;
    467968 nanoseconds spent executing 1 flushes (flushing a total of 1 entities and 0 collections);
    0 nanoseconds spent executing 0 partial-flushes (flushing a total of 0 entities and 0 collections)
}
05/12/2019 10:11:39.506  INFO [pool-3-thread-1] StatisticalLoggingSessionEventListener: Session Metrics {
    804863 nanoseconds spent acquiring 2 JDBC connections;
    564907 nanoseconds spent releasing 2 JDBC connections;
    131413 nanoseconds spent preparing 1 JDBC statements;
    1072129 nanoseconds spent executing 1 JDBC statements;
    0 nanoseconds spent executing 0 JDBC batches;
    0 nanoseconds spent performing 0 L2C puts;
    0 nanoseconds spent performing 0 L2C hits;
    0 nanoseconds spent performing 0 L2C misses;
    467968 nanoseconds spent executing 1 flushes (flushing a total of 1 entities and 0 collections);
    0 nanoseconds spent executing 0 partial-flushes (flushing a total of 0 entities and 0 collections)
}
05/12/2019 10:11:39.506 ERROR [pool-3-thread-1] Process_Register: API-GATEWAY Authentication issue 
05/12/2019 10:11:39.511  INFO [pool-3-thread-1] CommunRepository: SQL query : select generatedAlias0 from Register as generatedAlias0 where ( generatedAlias0.msisdn=:param0 ) and ( generatedAlias0.product=:param1 )
05/12/2019 10:11:39.511  INFO [pool-3-thread-1] CommunRepository: SQL param msisdn = 661000504
05/12/2019 10:11:39.511  INFO [pool-3-thread-1] CommunRepository: SQL param product = Product{product_id=4, product_code=CHO1, reg_fee=50, restrict_product=, register_day=, start_date=2019-12-01 00:00:00.0, end_date=null, start_reg_time=null, end_reg_time=null, isextend=true, isOveride_reg=true, isNotify_extend=false, extend_fee=50, validity=D1, pending_duration=D60, description=Product Cho1 is daily offer, create_time=2019-12-02 15:15:44.786, update_time=2019-12-02 15:15:44.786, promotion=null, service=Service{service_id=2, service_name=CHOCHO, receive_channel=8755, send_channel=8755, service_provider=Mr Kamtem, service_description=l'artister Kamtem fournis les contenues, create_time=2019-12-02 15:13:16.362, update_time=2019-12-02 15:13:16.362}}
05/12/2019 10:11:39.529  INFO [pool-3-thread-1] StatisticalLoggingSessionEventListener: Session Metrics {
    27990 nanoseconds spent acquiring 1 JDBC connections;
    13654 nanoseconds spent releasing 1 JDBC connections;
    551595 nanoseconds spent preparing 2 JDBC statements;
    4352000 nanoseconds spent executing 2 JDBC statements;
    0 nanoseconds spent executing 0 JDBC batches;
    0 nanoseconds spent performing 0 L2C puts;
    0 nanoseconds spent performing 0 L2C hits;
    0 nanoseconds spent performing 0 L2C misses;
    0 nanoseconds spent executing 0 flushes (flushing a total of 0 entities and 0 collections);
    0 nanoseconds spent executing 0 partial-flushes (flushing a total of 0 entities and 0 collections)
}
05/12/2019 10:11:39.529  INFO [pool-3-thread-1] StatisticalLoggingSessionEventListener: Session Metrics {
    27990 nanoseconds spent acquiring 1 JDBC connections;
    13654 nanoseconds spent releasing 1 JDBC connections;
    551595 nanoseconds spent preparing 2 JDBC statements;
    4352000 nanoseconds spent executing 2 JDBC statements;
    0 nanoseconds spent executing 0 JDBC batches;
    0 nanoseconds spent performing 0 L2C puts;
    0 nanoseconds spent performing 0 L2C hits;
    0 nanoseconds spent performing 0 L2C misses;
    0 nanoseconds spent executing 0 flushes (flushing a total of 0 entities and 0 collections);
    0 nanoseconds spent executing 0 partial-flushes (flushing a total of 0 entities and 0 collections)
}
05/12/2019 10:11:39.555  INFO [pool-3-thread-1] StatisticalLoggingSessionEventListener: Session Metrics {
    27648 nanoseconds spent acquiring 2 JDBC connections;
    375125 nanoseconds spent releasing 2 JDBC connections;
    2136746 nanoseconds spent preparing 2 JDBC statements;
    3998038 nanoseconds spent executing 2 JDBC statements;
    0 nanoseconds spent executing 0 JDBC batches;
    0 nanoseconds spent performing 0 L2C puts;
    0 nanoseconds spent performing 0 L2C hits;
    0 nanoseconds spent performing 0 L2C misses;
    2947755 nanoseconds spent executing 1 flushes (flushing a total of 3 entities and 7 collections);
    0 nanoseconds spent executing 0 partial-flushes (flushing a total of 0 entities and 0 collections)
}
05/12/2019 10:11:39.555  INFO [pool-3-thread-1] StatisticalLoggingSessionEventListener: Session Metrics {
    27648 nanoseconds spent acquiring 2 JDBC connections;
    375125 nanoseconds spent releasing 2 JDBC connections;
    2136746 nanoseconds spent preparing 2 JDBC statements;
    3998038 nanoseconds spent executing 2 JDBC statements;
    0 nanoseconds spent executing 0 JDBC batches;
    0 nanoseconds spent performing 0 L2C puts;
    0 nanoseconds spent performing 0 L2C hits;
    0 nanoseconds spent performing 0 L2C misses;
    2947755 nanoseconds spent executing 1 flushes (flushing a total of 3 entities and 7 collections);
    0 nanoseconds spent executing 0 partial-flushes (flushing a total of 0 entities and 0 collections)
}
05/12/2019 10:11:39.556  INFO [pool-3-thread-1] CommunRepository: SQL query : select generatedAlias0 from Alias as generatedAlias0 where generatedAlias0.msisdn=:param0
05/12/2019 10:11:39.556  INFO [pool-3-thread-1] CommunRepository: SQL param msisdn = 661000504
05/12/2019 10:11:39.557  INFO [pool-3-thread-1] StatisticalLoggingSessionEventListener: Session Metrics {
    12630 nanoseconds spent acquiring 1 JDBC connections;
    6827 nanoseconds spent releasing 1 JDBC connections;
    59392 nanoseconds spent preparing 1 JDBC statements;
    769024 nanoseconds spent executing 1 JDBC statements;
    0 nanoseconds spent executing 0 JDBC batches;
    0 nanoseconds spent performing 0 L2C puts;
    0 nanoseconds spent performing 0 L2C hits;
    0 nanoseconds spent performing 0 L2C misses;
    0 nanoseconds spent executing 0 flushes (flushing a total of 0 entities and 0 collections);
    0 nanoseconds spent executing 0 partial-flushes (flushing a total of 0 entities and 0 collections)
}
05/12/2019 10:11:39.557  INFO [pool-3-thread-1] StatisticalLoggingSessionEventListener: Session Metrics {
    12630 nanoseconds spent acquiring 1 JDBC connections;
    6827 nanoseconds spent releasing 1 JDBC connections;
    59392 nanoseconds spent preparing 1 JDBC statements;
    769024 nanoseconds spent executing 1 JDBC statements;
    0 nanoseconds spent executing 0 JDBC batches;
    0 nanoseconds spent performing 0 L2C puts;
    0 nanoseconds spent performing 0 L2C hits;
    0 nanoseconds spent performing 0 L2C misses;
    0 nanoseconds spent executing 0 flushes (flushing a total of 0 entities and 0 collections);
    0 nanoseconds spent executing 0 partial-flushes (flushing a total of 0 entities and 0 collections)
}
05/12/2019 10:11:39.557  INFO [pool-3-thread-1] Sender: ADD message in the queue :Process_Request{transaction_id=3e051416-173f-11ea-be39-03f198796053, msisdn=661000504, receiver=8755, content=CHO1, command_code=CHO1, split_separate=, param_name=null, param_length=null, param_pattern=null, param_value=H O 1, channel=8755, action_type=REGISTER, action_description=action to register on cho1, receive_time=2019-12-05 10:11:39.304, product_name=CHO1, notification_code=REG-PRODUCT-SUCCESS-OVERIDE-CHO1, language=null, exchange_mode=SMS}
05/12/2019 10:11:39.557  INFO [pool-2-thread-1] Sender: Get message in the sender queue :Process_Request{transaction_id=3e051416-173f-11ea-be39-03f198796053, msisdn=661000504, receiver=8755, content=CHO1, command_code=CHO1, split_separate=, param_name=null, param_length=null, param_pattern=null, param_value=H O 1, channel=8755, action_type=REGISTER, action_description=action to register on cho1, receive_time=2019-12-05 10:11:39.304, product_name=CHO1, notification_code=REG-PRODUCT-SUCCESS-OVERIDE-CHO1, language=null, exchange_mode=SMS}
05/12/2019 10:11:39.558  INFO [pool-2-thread-1] Sender: Sender Queue size :0
05/12/2019 10:11:39.558  WARN [pool-2-thread-1] Sender: Msisdn :661000504 --> Channel : 8755 --> Notification Code : REG-PRODUCT-SUCCESS-OVERIDE-CHO1 --> Message Not provide in DB
05/12/2019 10:11:39.588  INFO [pool-3-thread-1] StatisticalLoggingSessionEventListener: Session Metrics {
    26965 nanoseconds spent acquiring 2 JDBC connections;
    438614 nanoseconds spent releasing 2 JDBC connections;
    423595 nanoseconds spent preparing 4 JDBC statements;
    4327424 nanoseconds spent executing 4 JDBC statements;
    0 nanoseconds spent executing 0 JDBC batches;
    0 nanoseconds spent performing 0 L2C puts;
    0 nanoseconds spent performing 0 L2C hits;
    0 nanoseconds spent performing 0 L2C misses;
    763563 nanoseconds spent executing 1 flushes (flushing a total of 13 entities and 11 collections);
    0 nanoseconds spent executing 0 partial-flushes (flushing a total of 0 entities and 0 collections)
}
05/12/2019 10:11:39.588  INFO [pool-3-thread-1] StatisticalLoggingSessionEventListener: Session Metrics {
    26965 nanoseconds spent acquiring 2 JDBC connections;
    438614 nanoseconds spent releasing 2 JDBC connections;
    423595 nanoseconds spent preparing 4 JDBC statements;
    4327424 nanoseconds spent executing 4 JDBC statements;
    0 nanoseconds spent executing 0 JDBC batches;
    0 nanoseconds spent performing 0 L2C puts;
    0 nanoseconds spent performing 0 L2C hits;
    0 nanoseconds spent performing 0 L2C misses;
    763563 nanoseconds spent executing 1 flushes (flushing a total of 13 entities and 11 collections);
    0 nanoseconds spent executing 0 partial-flushes (flushing a total of 0 entities and 0 collections)
}
05/12/2019 10:11:39.589  INFO [pool-3-thread-1] Process_Register: insert into mo_his
