05/12/2019 15:04:24.773  INFO [main] SMS_CHAT_PROCESS: Load log4j config file done.
05/12/2019 15:04:24.794  INFO [pool-2-thread-1] SMSProcess_Notification: ################################## START PROCESS SMS NOTIFICATION ###########################
05/12/2019 15:04:24.794  INFO [pool-2-thread-1] SMSProcess_Notification: SERVICE = CHOCHO
05/12/2019 15:04:24.796  INFO [pool-2-thread-1] SMSProcess_Notification: TIME = 2019-12-05 15:04:24.794
05/12/2019 15:04:24.808  INFO [pool-2-thread-2] SMSProcess_Notification: ################################## START PROCESS SMS NOTIFICATION ###########################
05/12/2019 15:04:24.808  INFO [pool-2-thread-2] SMSProcess_Notification: SERVICE = CHOCHO
05/12/2019 15:04:24.808  INFO [pool-2-thread-2] SMSProcess_Notification: TIME = 2019-12-05 15:04:24.808
05/12/2019 15:04:24.821  INFO [pool-2-thread-2] CommunRepository: SQL query : select generatedAlias0 from ContentMessage as generatedAlias0 where ( generatedAlias0.service=:param0 ) and ( generatedAlias0.message_status=:param1 ) and ( generatedAlias0.expire_time>=:param2 ) and ( generatedAlias0.launch_time<=:param3 )
05/12/2019 15:04:24.821  INFO [pool-2-thread-2] CommunRepository: SQL param current_time = 2019-12-05 15:04:24.809
05/12/2019 15:04:24.821  INFO [pool-2-thread-1] CommunRepository: SQL query : select generatedAlias0 from ContentMessage as generatedAlias0 where ( generatedAlias0.service=:param0 ) and ( generatedAlias0.message_status=:param1 ) and ( generatedAlias0.expire_time>=:param2 ) and ( generatedAlias0.launch_time<=:param3 )
05/12/2019 15:04:24.821  INFO [pool-2-thread-1] CommunRepository: SQL param current_time = 2019-12-05 15:04:24.802
05/12/2019 15:04:24.822  INFO [pool-2-thread-1] CommunRepository: SQL param service = Service{service_id=2, service_name=CHOCHO, receive_channel=8755, send_channel=8755, service_provider=Mr Kamtem, service_description=l'artister Kamtem fournis les contenues, create_time=2019-12-02 15:13:16.362, update_time=2019-12-02 15:13:16.362}
05/12/2019 15:04:24.821  INFO [pool-2-thread-2] CommunRepository: SQL param service = Service{service_id=2, service_name=CHOCHO, receive_channel=8755, send_channel=8755, service_provider=Mr Kamtem, service_description=l'artister Kamtem fournis les contenues, create_time=2019-12-02 15:13:16.362, update_time=2019-12-02 15:13:16.362}
05/12/2019 15:04:24.832  INFO [pool-2-thread-2] StatisticalLoggingSessionEventListener: Session Metrics {
    419157 nanoseconds spent acquiring 1 JDBC connections;
    8192 nanoseconds spent releasing 1 JDBC connections;
    696661 nanoseconds spent preparing 2 JDBC statements;
    2854913 nanoseconds spent executing 2 JDBC statements;
    0 nanoseconds spent executing 0 JDBC batches;
    0 nanoseconds spent performing 0 L2C puts;
    0 nanoseconds spent performing 0 L2C hits;
    0 nanoseconds spent performing 0 L2C misses;
    0 nanoseconds spent executing 0 flushes (flushing a total of 0 entities and 0 collections);
    0 nanoseconds spent executing 0 partial-flushes (flushing a total of 0 entities and 0 collections)
}
05/12/2019 15:04:24.832  INFO [pool-2-thread-2] StatisticalLoggingSessionEventListener: Session Metrics {
    419157 nanoseconds spent acquiring 1 JDBC connections;
    8192 nanoseconds spent releasing 1 JDBC connections;
    696661 nanoseconds spent preparing 2 JDBC statements;
    2854913 nanoseconds spent executing 2 JDBC statements;
    0 nanoseconds spent executing 0 JDBC batches;
    0 nanoseconds spent performing 0 L2C puts;
    0 nanoseconds spent performing 0 L2C hits;
    0 nanoseconds spent performing 0 L2C misses;
    0 nanoseconds spent executing 0 flushes (flushing a total of 0 entities and 0 collections);
    0 nanoseconds spent executing 0 partial-flushes (flushing a total of 0 entities and 0 collections)
}
05/12/2019 15:04:24.832  INFO [pool-2-thread-1] StatisticalLoggingSessionEventListener: Session Metrics {
    27306 nanoseconds spent acquiring 1 JDBC connections;
    5462 nanoseconds spent releasing 1 JDBC connections;
    145067 nanoseconds spent preparing 2 JDBC statements;
    2976427 nanoseconds spent executing 2 JDBC statements;
    0 nanoseconds spent executing 0 JDBC batches;
    0 nanoseconds spent performing 0 L2C puts;
    0 nanoseconds spent performing 0 L2C hits;
    0 nanoseconds spent performing 0 L2C misses;
    0 nanoseconds spent executing 0 flushes (flushing a total of 0 entities and 0 collections);
    0 nanoseconds spent executing 0 partial-flushes (flushing a total of 0 entities and 0 collections)
}
05/12/2019 15:04:24.832  INFO [pool-2-thread-2] SMSProcess_Notification: ------ CONTENT LABEL = SMS1 ------------
05/12/2019 15:04:24.832  INFO [pool-2-thread-1] StatisticalLoggingSessionEventListener: Session Metrics {
    27306 nanoseconds spent acquiring 1 JDBC connections;
    5462 nanoseconds spent releasing 1 JDBC connections;
    145067 nanoseconds spent preparing 2 JDBC statements;
    2976427 nanoseconds spent executing 2 JDBC statements;
    0 nanoseconds spent executing 0 JDBC batches;
    0 nanoseconds spent performing 0 L2C puts;
    0 nanoseconds spent performing 0 L2C hits;
    0 nanoseconds spent performing 0 L2C misses;
    0 nanoseconds spent executing 0 flushes (flushing a total of 0 entities and 0 collections);
    0 nanoseconds spent executing 0 partial-flushes (flushing a total of 0 entities and 0 collections)
}
05/12/2019 15:04:24.833  INFO [pool-2-thread-1] SMSProcess_Notification: ------ CONTENT LABEL = SMS1 ------------
05/12/2019 15:04:24.846  INFO [pool-2-thread-1] CommunRepository: SQL query : select generatedAlias0 from Register as generatedAlias0 where ( generatedAlias0.product.service=:param0 ) and ( generatedAlias0.status=1 ) and ( mod(generatedAlias0.register_id,0)=0 ) and ( generatedAlias0.expire_time>=:param1 ) and ( generatedAlias0.msisdn not in (select generatedAlias1.msisdn from ServiceHistory as generatedAlias1 where ( generatedAlias1.process_time>=:param2 ) and ( generatedAlias1.content=:param3 )) )
05/12/2019 15:04:24.846  INFO [pool-2-thread-1] CommunRepository: SQL param service = Service{service_id=2, service_name=CHOCHO, receive_channel=8755, send_channel=8755, service_provider=Mr Kamtem, service_description=l'artister Kamtem fournis les contenues, create_time=2019-12-02 15:13:16.362, update_time=2019-12-02 15:13:16.362}
05/12/2019 15:04:24.846  INFO [pool-2-thread-1] CommunRepository: SQL param expire_time = 2019-12-05 15:04:24.794
05/12/2019 15:04:24.847  INFO [pool-2-thread-2] CommunRepository: SQL query : select generatedAlias0 from Register as generatedAlias0 where ( generatedAlias0.product.service=:param0 ) and ( generatedAlias0.status=1 ) and ( mod(generatedAlias0.register_id,1)=0 ) and ( generatedAlias0.expire_time>=:param1 ) and ( generatedAlias0.msisdn not in (select generatedAlias1.msisdn from ServiceHistory as generatedAlias1 where ( generatedAlias1.process_time>=:param2 ) and ( generatedAlias1.content=:param3 )) )
05/12/2019 15:04:24.847  INFO [pool-2-thread-2] CommunRepository: SQL param service = Service{service_id=2, service_name=CHOCHO, receive_channel=8755, send_channel=8755, service_provider=Mr Kamtem, service_description=l'artister Kamtem fournis les contenues, create_time=2019-12-02 15:13:16.362, update_time=2019-12-02 15:13:16.362}
05/12/2019 15:04:24.847  INFO [pool-2-thread-2] CommunRepository: SQL param expire_time = 2019-12-05 15:04:24.808
05/12/2019 15:04:24.853  INFO [pool-2-thread-1] StatisticalLoggingSessionEventListener: Session Metrics {
    15018 nanoseconds spent acquiring 1 JDBC connections;
    10240 nanoseconds spent releasing 1 JDBC connections;
    106155 nanoseconds spent preparing 1 JDBC statements;
    5017260 nanoseconds spent executing 1 JDBC statements;
    0 nanoseconds spent executing 0 JDBC batches;
    0 nanoseconds spent performing 0 L2C puts;
    0 nanoseconds spent performing 0 L2C hits;
    0 nanoseconds spent performing 0 L2C misses;
    0 nanoseconds spent executing 0 flushes (flushing a total of 0 entities and 0 collections);
    0 nanoseconds spent executing 0 partial-flushes (flushing a total of 0 entities and 0 collections)
}
05/12/2019 15:04:24.853  INFO [pool-2-thread-1] StatisticalLoggingSessionEventListener: Session Metrics {
    15018 nanoseconds spent acquiring 1 JDBC connections;
    10240 nanoseconds spent releasing 1 JDBC connections;
    106155 nanoseconds spent preparing 1 JDBC statements;
    5017260 nanoseconds spent executing 1 JDBC statements;
    0 nanoseconds spent executing 0 JDBC batches;
    0 nanoseconds spent performing 0 L2C puts;
    0 nanoseconds spent performing 0 L2C hits;
    0 nanoseconds spent performing 0 L2C misses;
    0 nanoseconds spent executing 0 flushes (flushing a total of 0 entities and 0 collections);
    0 nanoseconds spent executing 0 partial-flushes (flushing a total of 0 entities and 0 collections)
}
05/12/2019 15:04:24.855  INFO [pool-2-thread-1] SMSProcess_Notification: -------------- NOT REGISTER FOR THIS CONTENT LABEL = SMS1 ----------------
05/12/2019 15:04:24.858  INFO [pool-2-thread-2] StatisticalLoggingSessionEventListener: Session Metrics {
    18432 nanoseconds spent acquiring 1 JDBC connections;
    10240 nanoseconds spent releasing 1 JDBC connections;
    124245 nanoseconds spent preparing 1 JDBC statements;
    1975637 nanoseconds spent executing 1 JDBC statements;
    0 nanoseconds spent executing 0 JDBC batches;
    0 nanoseconds spent performing 0 L2C puts;
    0 nanoseconds spent performing 0 L2C hits;
    0 nanoseconds spent performing 0 L2C misses;
    0 nanoseconds spent executing 0 flushes (flushing a total of 0 entities and 0 collections);
    0 nanoseconds spent executing 0 partial-flushes (flushing a total of 0 entities and 0 collections)
}
05/12/2019 15:04:24.858  INFO [pool-2-thread-2] StatisticalLoggingSessionEventListener: Session Metrics {
    18432 nanoseconds spent acquiring 1 JDBC connections;
    10240 nanoseconds spent releasing 1 JDBC connections;
    124245 nanoseconds spent preparing 1 JDBC statements;
    1975637 nanoseconds spent executing 1 JDBC statements;
    0 nanoseconds spent executing 0 JDBC batches;
    0 nanoseconds spent performing 0 L2C puts;
    0 nanoseconds spent performing 0 L2C hits;
    0 nanoseconds spent performing 0 L2C misses;
    0 nanoseconds spent executing 0 flushes (flushing a total of 0 entities and 0 collections);
    0 nanoseconds spent executing 0 partial-flushes (flushing a total of 0 entities and 0 collections)
}
05/12/2019 15:04:24.858  INFO [pool-2-thread-2] SMSProcess_Notification: -------------- NOT REGISTER FOR THIS CONTENT LABEL = SMS1 ----------------
05/12/2019 15:04:24.951  INFO [pool-3-thread-1] Sender: ################################## START SENDER ###########################
05/12/2019 15:04:24.952  INFO [pool-3-thread-2] Sender: ################################## START SENDER ###########################
05/12/2019 15:04:24.998  INFO [pool-4-thread-1] Receiver: ################################## RECEIVE NEW CHAT ###########################
05/12/2019 15:04:25.000  INFO [pool-4-thread-2] Receiver: ################################## RECEIVE NEW CHAT ###########################
05/12/2019 15:04:29.857  INFO [pool-2-thread-1] SMSProcess_Notification: SERVICE = CHOCHO
05/12/2019 15:04:29.857  INFO [pool-2-thread-1] SMSProcess_Notification: TIME = 2019-12-05 15:04:29.857
05/12/2019 15:04:29.857  INFO [pool-2-thread-1] CommunRepository: SQL query : select generatedAlias0 from ContentMessage as generatedAlias0 where ( generatedAlias0.service=:param0 ) and ( generatedAlias0.message_status=:param1 ) and ( generatedAlias0.expire_time>=:param2 ) and ( generatedAlias0.launch_time<=:param3 )
05/12/2019 15:04:29.857  INFO [pool-2-thread-1] CommunRepository: SQL param current_time = 2019-12-05 15:04:29.857
05/12/2019 15:04:29.857  INFO [pool-2-thread-1] CommunRepository: SQL param service = Service{service_id=2, service_name=CHOCHO, receive_channel=8755, send_channel=8755, service_provider=Mr Kamtem, service_description=l'artister Kamtem fournis les contenues, create_time=2019-12-02 15:13:16.362, update_time=2019-12-02 15:13:16.362}
05/12/2019 15:04:29.859  INFO [pool-2-thread-2] SMSProcess_Notification: SERVICE = CHOCHO
05/12/2019 15:04:29.859  INFO [pool-2-thread-2] SMSProcess_Notification: TIME = 2019-12-05 15:04:29.859
05/12/2019 15:04:29.859  INFO [pool-2-thread-2] CommunRepository: SQL query : select generatedAlias0 from ContentMessage as generatedAlias0 where ( generatedAlias0.service=:param0 ) and ( generatedAlias0.message_status=:param1 ) and ( generatedAlias0.expire_time>=:param2 ) and ( generatedAlias0.launch_time<=:param3 )
05/12/2019 15:04:29.859  INFO [pool-2-thread-2] CommunRepository: SQL param current_time = 2019-12-05 15:04:29.859
05/12/2019 15:04:29.859  INFO [pool-2-thread-2] CommunRepository: SQL param service = Service{service_id=2, service_name=CHOCHO, receive_channel=8755, send_channel=8755, service_provider=Mr Kamtem, service_description=l'artister Kamtem fournis les contenues, create_time=2019-12-02 15:13:16.362, update_time=2019-12-02 15:13:16.362}
05/12/2019 15:04:29.862  INFO [pool-2-thread-1] StatisticalLoggingSessionEventListener: Session Metrics {
    399360 nanoseconds spent acquiring 1 JDBC connections;
    8875 nanoseconds spent releasing 1 JDBC connections;
    515071 nanoseconds spent preparing 2 JDBC statements;
    1893718 nanoseconds spent executing 2 JDBC statements;
    0 nanoseconds spent executing 0 JDBC batches;
    0 nanoseconds spent performing 0 L2C puts;
    0 nanoseconds spent performing 0 L2C hits;
    0 nanoseconds spent performing 0 L2C misses;
    0 nanoseconds spent executing 0 flushes (flushing a total of 0 entities and 0 collections);
    0 nanoseconds spent executing 0 partial-flushes (flushing a total of 0 entities and 0 collections)
}
05/12/2019 15:04:29.862  INFO [pool-2-thread-1] StatisticalLoggingSessionEventListener: Session Metrics {
    399360 nanoseconds spent acquiring 1 JDBC connections;
    8875 nanoseconds spent releasing 1 JDBC connections;
    515071 nanoseconds spent preparing 2 JDBC statements;
    1893718 nanoseconds spent executing 2 JDBC statements;
    0 nanoseconds spent executing 0 JDBC batches;
    0 nanoseconds spent performing 0 L2C puts;
    0 nanoseconds spent performing 0 L2C hits;
    0 nanoseconds spent performing 0 L2C misses;
    0 nanoseconds spent executing 0 flushes (flushing a total of 0 entities and 0 collections);
    0 nanoseconds spent executing 0 partial-flushes (flushing a total of 0 entities and 0 collections)
}
05/12/2019 15:04:29.862  INFO [pool-2-thread-1] SMSProcess_Notification: ------ CONTENT LABEL = SMS1 ------------
05/12/2019 15:04:29.862  INFO [pool-2-thread-1] CommunRepository: SQL query : select generatedAlias0 from Register as generatedAlias0 where ( generatedAlias0.product.service=:param0 ) and ( generatedAlias0.status=1 ) and ( mod(generatedAlias0.register_id,0)=0 ) and ( generatedAlias0.expire_time>=:param1 ) and ( generatedAlias0.msisdn not in (select generatedAlias1.msisdn from ServiceHistory as generatedAlias1 where ( generatedAlias1.process_time>=:param2 ) and ( generatedAlias1.content=:param3 )) )
05/12/2019 15:04:29.862  INFO [pool-2-thread-1] CommunRepository: SQL param service = Service{service_id=2, service_name=CHOCHO, receive_channel=8755, send_channel=8755, service_provider=Mr Kamtem, service_description=l'artister Kamtem fournis les contenues, create_time=2019-12-02 15:13:16.362, update_time=2019-12-02 15:13:16.362}
05/12/2019 15:04:29.862  INFO [pool-2-thread-1] CommunRepository: SQL param expire_time = 2019-12-05 15:04:29.857
05/12/2019 15:04:29.864  INFO [pool-2-thread-2] StatisticalLoggingSessionEventListener: Session Metrics {
    388779 nanoseconds spent acquiring 1 JDBC connections;
    8534 nanoseconds spent releasing 1 JDBC connections;
    496299 nanoseconds spent preparing 2 JDBC statements;
    1627819 nanoseconds spent executing 2 JDBC statements;
    0 nanoseconds spent executing 0 JDBC batches;
    0 nanoseconds spent performing 0 L2C puts;
    0 nanoseconds spent performing 0 L2C hits;
    0 nanoseconds spent performing 0 L2C misses;
    0 nanoseconds spent executing 0 flushes (flushing a total of 0 entities and 0 collections);
    0 nanoseconds spent executing 0 partial-flushes (flushing a total of 0 entities and 0 collections)
}
05/12/2019 15:04:29.864  INFO [pool-2-thread-2] StatisticalLoggingSessionEventListener: Session Metrics {
    388779 nanoseconds spent acquiring 1 JDBC connections;
    8534 nanoseconds spent releasing 1 JDBC connections;
    496299 nanoseconds spent preparing 2 JDBC statements;
    1627819 nanoseconds spent executing 2 JDBC statements;
    0 nanoseconds spent executing 0 JDBC batches;
    0 nanoseconds spent performing 0 L2C puts;
    0 nanoseconds spent performing 0 L2C hits;
    0 nanoseconds spent performing 0 L2C misses;
    0 nanoseconds spent executing 0 flushes (flushing a total of 0 entities and 0 collections);
    0 nanoseconds spent executing 0 partial-flushes (flushing a total of 0 entities and 0 collections)
}
05/12/2019 15:04:29.865  INFO [pool-2-thread-1] StatisticalLoggingSessionEventListener: Session Metrics {
    12288 nanoseconds spent acquiring 1 JDBC connections;
    8533 nanoseconds spent releasing 1 JDBC connections;
    89770 nanoseconds spent preparing 1 JDBC statements;
    1727147 nanoseconds spent executing 1 JDBC statements;
    0 nanoseconds spent executing 0 JDBC batches;
    0 nanoseconds spent performing 0 L2C puts;
    0 nanoseconds spent performing 0 L2C hits;
    0 nanoseconds spent performing 0 L2C misses;
    0 nanoseconds spent executing 0 flushes (flushing a total of 0 entities and 0 collections);
    0 nanoseconds spent executing 0 partial-flushes (flushing a total of 0 entities and 0 collections)
}
05/12/2019 15:04:29.865  INFO [pool-2-thread-2] SMSProcess_Notification: ------ CONTENT LABEL = SMS1 ------------
05/12/2019 15:04:29.865  INFO [pool-2-thread-2] CommunRepository: SQL query : select generatedAlias0 from Register as generatedAlias0 where ( generatedAlias0.product.service=:param0 ) and ( generatedAlias0.status=1 ) and ( mod(generatedAlias0.register_id,1)=0 ) and ( generatedAlias0.expire_time>=:param1 ) and ( generatedAlias0.msisdn not in (select generatedAlias1.msisdn from ServiceHistory as generatedAlias1 where ( generatedAlias1.process_time>=:param2 ) and ( generatedAlias1.content=:param3 )) )
05/12/2019 15:04:29.866  INFO [pool-2-thread-2] CommunRepository: SQL param service = Service{service_id=2, service_name=CHOCHO, receive_channel=8755, send_channel=8755, service_provider=Mr Kamtem, service_description=l'artister Kamtem fournis les contenues, create_time=2019-12-02 15:13:16.362, update_time=2019-12-02 15:13:16.362}
05/12/2019 15:04:29.866  INFO [pool-2-thread-2] CommunRepository: SQL param expire_time = 2019-12-05 15:04:29.859
05/12/2019 15:04:29.865  INFO [pool-2-thread-1] StatisticalLoggingSessionEventListener: Session Metrics {
    12288 nanoseconds spent acquiring 1 JDBC connections;
    8533 nanoseconds spent releasing 1 JDBC connections;
    89770 nanoseconds spent preparing 1 JDBC statements;
    1727147 nanoseconds spent executing 1 JDBC statements;
    0 nanoseconds spent executing 0 JDBC batches;
    0 nanoseconds spent performing 0 L2C puts;
    0 nanoseconds spent performing 0 L2C hits;
    0 nanoseconds spent performing 0 L2C misses;
    0 nanoseconds spent executing 0 flushes (flushing a total of 0 entities and 0 collections);
    0 nanoseconds spent executing 0 partial-flushes (flushing a total of 0 entities and 0 collections)
}
05/12/2019 15:04:29.867  INFO [pool-2-thread-1] SMSProcess_Notification: -------------- NOT REGISTER FOR THIS CONTENT LABEL = SMS1 ----------------
05/12/2019 15:04:29.870  INFO [pool-2-thread-2] StatisticalLoggingSessionEventListener: Session Metrics {
    13653 nanoseconds spent acquiring 1 JDBC connections;
    10240 nanoseconds spent releasing 1 JDBC connections;
    96939 nanoseconds spent preparing 1 JDBC statements;
    1767083 nanoseconds spent executing 1 JDBC statements;
    0 nanoseconds spent executing 0 JDBC batches;
    0 nanoseconds spent performing 0 L2C puts;
    0 nanoseconds spent performing 0 L2C hits;
    0 nanoseconds spent performing 0 L2C misses;
    0 nanoseconds spent executing 0 flushes (flushing a total of 0 entities and 0 collections);
    0 nanoseconds spent executing 0 partial-flushes (flushing a total of 0 entities and 0 collections)
}
05/12/2019 15:04:29.870  INFO [pool-2-thread-2] StatisticalLoggingSessionEventListener: Session Metrics {
    13653 nanoseconds spent acquiring 1 JDBC connections;
    10240 nanoseconds spent releasing 1 JDBC connections;
    96939 nanoseconds spent preparing 1 JDBC statements;
    1767083 nanoseconds spent executing 1 JDBC statements;
    0 nanoseconds spent executing 0 JDBC batches;
    0 nanoseconds spent performing 0 L2C puts;
    0 nanoseconds spent performing 0 L2C hits;
    0 nanoseconds spent performing 0 L2C misses;
    0 nanoseconds spent executing 0 flushes (flushing a total of 0 entities and 0 collections);
    0 nanoseconds spent executing 0 partial-flushes (flushing a total of 0 entities and 0 collections)
}
05/12/2019 15:04:29.870  INFO [pool-2-thread-2] SMSProcess_Notification: -------------- NOT REGISTER FOR THIS CONTENT LABEL = SMS1 ----------------
05/12/2019 15:04:34.867  INFO [pool-2-thread-1] SMSProcess_Notification: SERVICE = CHOCHO
05/12/2019 15:04:34.867  INFO [pool-2-thread-1] SMSProcess_Notification: TIME = 2019-12-05 15:04:34.867
05/12/2019 15:04:34.867  INFO [pool-2-thread-1] CommunRepository: SQL query : select generatedAlias0 from ContentMessage as generatedAlias0 where ( generatedAlias0.service=:param0 ) and ( generatedAlias0.message_status=:param1 ) and ( generatedAlias0.expire_time>=:param2 ) and ( generatedAlias0.launch_time<=:param3 )
05/12/2019 15:04:34.867  INFO [pool-2-thread-1] CommunRepository: SQL param current_time = 2019-12-05 15:04:34.867
05/12/2019 15:04:34.867  INFO [pool-2-thread-1] CommunRepository: SQL param service = Service{service_id=2, service_name=CHOCHO, receive_channel=8755, send_channel=8755, service_provider=Mr Kamtem, service_description=l'artister Kamtem fournis les contenues, create_time=2019-12-02 15:13:16.362, update_time=2019-12-02 15:13:16.362}
05/12/2019 15:04:34.870  INFO [pool-2-thread-2] SMSProcess_Notification: SERVICE = CHOCHO
05/12/2019 15:04:34.870  INFO [pool-2-thread-2] SMSProcess_Notification: TIME = 2019-12-05 15:04:34.87
05/12/2019 15:04:34.870  INFO [pool-2-thread-2] CommunRepository: SQL query : select generatedAlias0 from ContentMessage as generatedAlias0 where ( generatedAlias0.service=:param0 ) and ( generatedAlias0.message_status=:param1 ) and ( generatedAlias0.expire_time>=:param2 ) and ( generatedAlias0.launch_time<=:param3 )
05/12/2019 15:04:34.870  INFO [pool-2-thread-2] CommunRepository: SQL param current_time = 2019-12-05 15:04:34.87
05/12/2019 15:04:34.871  INFO [pool-2-thread-2] CommunRepository: SQL param service = Service{service_id=2, service_name=CHOCHO, receive_channel=8755, send_channel=8755, service_provider=Mr Kamtem, service_description=l'artister Kamtem fournis les contenues, create_time=2019-12-02 15:13:16.362, update_time=2019-12-02 15:13:16.362}
05/12/2019 15:04:34.872  INFO [pool-2-thread-1] StatisticalLoggingSessionEventListener: Session Metrics {
    460118 nanoseconds spent acquiring 1 JDBC connections;
    8192 nanoseconds spent releasing 1 JDBC connections;
    588459 nanoseconds spent preparing 2 JDBC statements;
    2173610 nanoseconds spent executing 2 JDBC statements;
    0 nanoseconds spent executing 0 JDBC batches;
    0 nanoseconds spent performing 0 L2C puts;
    0 nanoseconds spent performing 0 L2C hits;
    0 nanoseconds spent performing 0 L2C misses;
    0 nanoseconds spent executing 0 flushes (flushing a total of 0 entities and 0 collections);
    0 nanoseconds spent executing 0 partial-flushes (flushing a total of 0 entities and 0 collections)
}
05/12/2019 15:04:34.872  INFO [pool-2-thread-1] StatisticalLoggingSessionEventListener: Session Metrics {
    460118 nanoseconds spent acquiring 1 JDBC connections;
    8192 nanoseconds spent releasing 1 JDBC connections;
    588459 nanoseconds spent preparing 2 JDBC statements;
    2173610 nanoseconds spent executing 2 JDBC statements;
    0 nanoseconds spent executing 0 JDBC batches;
    0 nanoseconds spent performing 0 L2C puts;
    0 nanoseconds spent performing 0 L2C hits;
    0 nanoseconds spent performing 0 L2C misses;
    0 nanoseconds spent executing 0 flushes (flushing a total of 0 entities and 0 collections);
    0 nanoseconds spent executing 0 partial-flushes (flushing a total of 0 entities and 0 collections)
}
05/12/2019 15:04:34.873  INFO [pool-2-thread-1] SMSProcess_Notification: ------ CONTENT LABEL = SMS1 ------------
05/12/2019 15:04:34.873  INFO [pool-2-thread-1] CommunRepository: SQL query : select generatedAlias0 from Register as generatedAlias0 where ( generatedAlias0.product.service=:param0 ) and ( generatedAlias0.status=1 ) and ( mod(generatedAlias0.register_id,0)=0 ) and ( generatedAlias0.expire_time>=:param1 ) and ( generatedAlias0.msisdn not in (select generatedAlias1.msisdn from ServiceHistory as generatedAlias1 where ( generatedAlias1.process_time>=:param2 ) and ( generatedAlias1.content=:param3 )) )
05/12/2019 15:04:34.873  INFO [pool-2-thread-1] CommunRepository: SQL param service = Service{service_id=2, service_name=CHOCHO, receive_channel=8755, send_channel=8755, service_provider=Mr Kamtem, service_description=l'artister Kamtem fournis les contenues, create_time=2019-12-02 15:13:16.362, update_time=2019-12-02 15:13:16.362}
05/12/2019 15:04:34.873  INFO [pool-2-thread-1] CommunRepository: SQL param expire_time = 2019-12-05 15:04:34.867
05/12/2019 15:04:34.875  INFO [pool-2-thread-2] StatisticalLoggingSessionEventListener: Session Metrics {
    391851 nanoseconds spent acquiring 1 JDBC connections;
    8533 nanoseconds spent releasing 1 JDBC connections;
    498347 nanoseconds spent preparing 2 JDBC statements;
    1900204 nanoseconds spent executing 2 JDBC statements;
    0 nanoseconds spent executing 0 JDBC batches;
    0 nanoseconds spent performing 0 L2C puts;
    0 nanoseconds spent performing 0 L2C hits;
    0 nanoseconds spent performing 0 L2C misses;
    0 nanoseconds spent executing 0 flushes (flushing a total of 0 entities and 0 collections);
    0 nanoseconds spent executing 0 partial-flushes (flushing a total of 0 entities and 0 collections)
}
05/12/2019 15:04:34.875  INFO [pool-2-thread-2] StatisticalLoggingSessionEventListener: Session Metrics {
    391851 nanoseconds spent acquiring 1 JDBC connections;
    8533 nanoseconds spent releasing 1 JDBC connections;
    498347 nanoseconds spent preparing 2 JDBC statements;
    1900204 nanoseconds spent executing 2 JDBC statements;
    0 nanoseconds spent executing 0 JDBC batches;
    0 nanoseconds spent performing 0 L2C puts;
    0 nanoseconds spent performing 0 L2C hits;
    0 nanoseconds spent performing 0 L2C misses;
    0 nanoseconds spent executing 0 flushes (flushing a total of 0 entities and 0 collections);
    0 nanoseconds spent executing 0 partial-flushes (flushing a total of 0 entities and 0 collections)
}
05/12/2019 15:04:34.875  INFO [pool-2-thread-2] SMSProcess_Notification: ------ CONTENT LABEL = SMS1 ------------
05/12/2019 15:04:34.876  INFO [pool-2-thread-1] StatisticalLoggingSessionEventListener: Session Metrics {
    14677 nanoseconds spent acquiring 1 JDBC connections;
    7850 nanoseconds spent releasing 1 JDBC connections;
    109909 nanoseconds spent preparing 1 JDBC statements;
    1262933 nanoseconds spent executing 1 JDBC statements;
    0 nanoseconds spent executing 0 JDBC batches;
    0 nanoseconds spent performing 0 L2C puts;
    0 nanoseconds spent performing 0 L2C hits;
    0 nanoseconds spent performing 0 L2C misses;
    0 nanoseconds spent executing 0 flushes (flushing a total of 0 entities and 0 collections);
    0 nanoseconds spent executing 0 partial-flushes (flushing a total of 0 entities and 0 collections)
}
05/12/2019 15:04:34.876  INFO [pool-2-thread-1] StatisticalLoggingSessionEventListener: Session Metrics {
    14677 nanoseconds spent acquiring 1 JDBC connections;
    7850 nanoseconds spent releasing 1 JDBC connections;
    109909 nanoseconds spent preparing 1 JDBC statements;
    1262933 nanoseconds spent executing 1 JDBC statements;
    0 nanoseconds spent executing 0 JDBC batches;
    0 nanoseconds spent performing 0 L2C puts;
    0 nanoseconds spent performing 0 L2C hits;
    0 nanoseconds spent performing 0 L2C misses;
    0 nanoseconds spent executing 0 flushes (flushing a total of 0 entities and 0 collections);
    0 nanoseconds spent executing 0 partial-flushes (flushing a total of 0 entities and 0 collections)
}
05/12/2019 15:04:34.876  INFO [pool-2-thread-1] SMSProcess_Notification: -------------- NOT REGISTER FOR THIS CONTENT LABEL = SMS1 ----------------
05/12/2019 15:04:34.876  INFO [pool-2-thread-2] CommunRepository: SQL query : select generatedAlias0 from Register as generatedAlias0 where ( generatedAlias0.product.service=:param0 ) and ( generatedAlias0.status=1 ) and ( mod(generatedAlias0.register_id,1)=0 ) and ( generatedAlias0.expire_time>=:param1 ) and ( generatedAlias0.msisdn not in (select generatedAlias1.msisdn from ServiceHistory as generatedAlias1 where ( generatedAlias1.process_time>=:param2 ) and ( generatedAlias1.content=:param3 )) )
05/12/2019 15:04:34.876  INFO [pool-2-thread-2] CommunRepository: SQL param service = Service{service_id=2, service_name=CHOCHO, receive_channel=8755, send_channel=8755, service_provider=Mr Kamtem, service_description=l'artister Kamtem fournis les contenues, create_time=2019-12-02 15:13:16.362, update_time=2019-12-02 15:13:16.362}
05/12/2019 15:04:34.876  INFO [pool-2-thread-2] CommunRepository: SQL param expire_time = 2019-12-05 15:04:34.87
05/12/2019 15:04:34.878  INFO [pool-2-thread-2] StatisticalLoggingSessionEventListener: Session Metrics {
    13995 nanoseconds spent acquiring 1 JDBC connections;
    9557 nanoseconds spent releasing 1 JDBC connections;
    92843 nanoseconds spent preparing 1 JDBC statements;
    1210027 nanoseconds spent executing 1 JDBC statements;
    0 nanoseconds spent executing 0 JDBC batches;
    0 nanoseconds spent performing 0 L2C puts;
    0 nanoseconds spent performing 0 L2C hits;
    0 nanoseconds spent performing 0 L2C misses;
    0 nanoseconds spent executing 0 flushes (flushing a total of 0 entities and 0 collections);
    0 nanoseconds spent executing 0 partial-flushes (flushing a total of 0 entities and 0 collections)
}
05/12/2019 15:04:34.878  INFO [pool-2-thread-2] StatisticalLoggingSessionEventListener: Session Metrics {
    13995 nanoseconds spent acquiring 1 JDBC connections;
    9557 nanoseconds spent releasing 1 JDBC connections;
    92843 nanoseconds spent preparing 1 JDBC statements;
    1210027 nanoseconds spent executing 1 JDBC statements;
    0 nanoseconds spent executing 0 JDBC batches;
    0 nanoseconds spent performing 0 L2C puts;
    0 nanoseconds spent performing 0 L2C hits;
    0 nanoseconds spent performing 0 L2C misses;
    0 nanoseconds spent executing 0 flushes (flushing a total of 0 entities and 0 collections);
    0 nanoseconds spent executing 0 partial-flushes (flushing a total of 0 entities and 0 collections)
}
05/12/2019 15:04:34.878  INFO [pool-2-thread-2] SMSProcess_Notification: -------------- NOT REGISTER FOR THIS CONTENT LABEL = SMS1 ----------------
