04/12/2019 11:50:14.770 ERROR [main] ConfigLoader: ERROR in config file service_listener.xml
java.lang.reflect.InvocationTargetException
	at sun.reflect.NativeConstructorAccessorImpl.newInstance0(Native Method)
	at sun.reflect.NativeConstructorAccessorImpl.newInstance(NativeConstructorAccessorImpl.java:62)
	at sun.reflect.DelegatingConstructorAccessorImpl.newInstance(DelegatingConstructorAccessorImpl.java:45)
	at java.lang.reflect.Constructor.newInstance(Constructor.java:423)
	at org.simpleframework.xml.core.ParameterFactory.getInstance(ParameterFactory.java:102)
	at org.simpleframework.xml.core.ParameterFactory.getInstance(ParameterFactory.java:80)
	at org.simpleframework.xml.core.SignatureScanner.create(SignatureScanner.java:238)
	at org.simpleframework.xml.core.SignatureScanner.process(SignatureScanner.java:176)
	at org.simpleframework.xml.core.SignatureScanner.scan(SignatureScanner.java:150)
	at org.simpleframework.xml.core.SignatureScanner.scan(SignatureScanner.java:133)
	at org.simpleframework.xml.core.SignatureScanner.<init>(SignatureScanner.java:94)
	at org.simpleframework.xml.core.ConstructorScanner.scan(ConstructorScanner.java:139)
	at org.simpleframework.xml.core.ConstructorScanner.scan(ConstructorScanner.java:126)
	at org.simpleframework.xml.core.ConstructorScanner.<init>(ConstructorScanner.java:73)
	at org.simpleframework.xml.core.ClassScanner.<init>(ClassScanner.java:109)
	at org.simpleframework.xml.core.ObjectScanner.<init>(ObjectScanner.java:78)
	at org.simpleframework.xml.core.ScannerFactory.getInstance(ScannerFactory.java:81)
	at org.simpleframework.xml.core.Support.getScanner(Support.java:357)
	at org.simpleframework.xml.core.Source.getScanner(Source.java:271)
	at org.simpleframework.xml.core.Source.getSchema(Source.java:317)
	at org.simpleframework.xml.core.Composite.read(Composite.java:198)
	at org.simpleframework.xml.core.Composite.read(Composite.java:148)
	at org.simpleframework.xml.core.Traverser.read(Traverser.java:92)
	at org.simpleframework.xml.core.Persister.read(Persister.java:625)
	at org.simpleframework.xml.core.Persister.read(Persister.java:606)
	at org.simpleframework.xml.core.Persister.read(Persister.java:584)
	at org.simpleframework.xml.core.Persister.read(Persister.java:543)
	at org.simpleframework.xml.core.Persister.read(Persister.java:521)
	at org.simpleframework.xml.core.Persister.read(Persister.java:426)
	at com.tatsinktechnologic.configuration.ConfigLoader.<init>(ConfigLoader.java:47)
	at com.tatsinktechnologic.configuration.ConfigLoader.<init>(ConfigLoader.java:31)
	at com.tatsinktechnologic.configuration.ConfigLoader$SingletonConfig.<clinit>(ConfigLoader.java:72)
	at com.tatsinktechnologic.configuration.ConfigLoader.getConfigurationLoader(ConfigLoader.java:76)
	at com.tatsinktechnologic.main.SMSGW.main(SMSGW.java:61)
Caused by: java.lang.TypeNotPresentException: Type com.tatsinktechnologic.xml.service_listener.Service not present
	at sun.reflect.generics.factory.CoreReflectionFactory.makeNamedType(CoreReflectionFactory.java:117)
	at sun.reflect.generics.visitor.Reifier.visitClassTypeSignature(Reifier.java:125)
	at sun.reflect.generics.tree.ClassTypeSignature.accept(ClassTypeSignature.java:49)
	at sun.reflect.generics.visitor.Reifier.reifyTypeArguments(Reifier.java:68)
	at sun.reflect.generics.visitor.Reifier.visitClassTypeSignature(Reifier.java:138)
	at sun.reflect.generics.tree.ClassTypeSignature.accept(ClassTypeSignature.java:49)
	at sun.reflect.generics.repository.ConstructorRepository.getParameterTypes(ConstructorRepository.java:94)
	at java.lang.reflect.Executable.getGenericParameterTypes(Executable.java:283)
	at java.lang.reflect.Constructor.getGenericParameterTypes(Constructor.java:234)
	at org.simpleframework.xml.core.Reflector.getParameterType(Reflector.java:283)
	at org.simpleframework.xml.core.Reflector.getParameterDependent(Reflector.java:217)
	at org.simpleframework.xml.core.ParameterContact.getDependent(ParameterContact.java:110)
	at org.simpleframework.xml.core.ElementListLabel.getDependent(ElementListLabel.java:239)
	at org.simpleframework.xml.core.Introspector.getDependent(Introspector.java:96)
	at org.simpleframework.xml.core.Introspector.getEntry(Introspector.java:108)
	at org.simpleframework.xml.core.ElementListLabel.getEntry(ElementListLabel.java:259)
	at org.simpleframework.xml.core.Introspector.getName(Introspector.java:200)
	at org.simpleframework.xml.core.ElementListLabel.getName(ElementListLabel.java:276)
	at org.simpleframework.xml.core.ElementListLabel.getPath(ElementListLabel.java:294)
	at org.simpleframework.xml.core.ElementListParameter.<init>(ElementListParameter.java:93)
	... 34 more
Caused by: java.lang.ClassNotFoundException: com.tatsinktechnologic.xml.service_listener.Service
	at java.net.URLClassLoader.findClass(URLClassLoader.java:381)
	at java.lang.ClassLoader.loadClass(ClassLoader.java:424)
	at sun.misc.Launcher$AppClassLoader.loadClass(Launcher.java:349)
	at java.lang.ClassLoader.loadClass(ClassLoader.java:357)
	at java.lang.Class.forName0(Native Method)
	at java.lang.Class.forName(Class.java:348)
	at sun.reflect.generics.factory.CoreReflectionFactory.makeNamedType(CoreReflectionFactory.java:114)
	... 53 more
