30/10/2019 11:12:48.716  INFO [qtp1282899579-44] USSDService: --------------message receive from USSDGW POST FUNCTION---------------
30/10/2019 11:12:48.717  INFO [qtp1282899579-44] USSDService: UssdMessage{type=100,
 transId=W1-0-1572430368674,
 msisdn=84,
 imsi=null,
 ussdString=*654*1#,
 charSet=1,
 loggedString=*654*1#,
 encryptedUssdString=null,
 connectorId=1,
 hlrGT=null,
 dlgId=1,
 timeout=300,
 sendRecvTime=1572430368689}
30/10/2019 11:12:48.717  INFO [qtp1282899579-44] USSDService: CURRENT USSD MENU : State{state_id=3, content=1- CITRON
2- ANANAS
3- ORANGE
0-retour, bizId=0, state_level=INTERMEDIATE} -----> Transaction : W1-0-1572430368674
30/10/2019 11:12:54.699  INFO [qtp1282899579-41] USSDService: --------------message receive from USSDGW POST FUNCTION---------------
30/10/2019 11:12:54.710  INFO [qtp1282899579-41] USSDService: UssdMessage{type=101,
 transId=W1-0-1572430368674,
 msisdn=null,
 imsi=null,
 ussdString=1,
 charSet=1,
 loggedString=1,
 encryptedUssdString=null,
 connectorId=1,
 hlrGT=null,
 dlgId=1,
 timeout=0,
 sendRecvTime=1572430374669}
30/10/2019 11:12:54.710  INFO [qtp1282899579-41] USSDService: Remove --> previous state : State{state_id=3, content=1- CITRON
2- ANANAS
3- ORANGE
0-retour, bizId=0, state_level=INTERMEDIATE} -----> Transaction : W1-0-1572430368674
30/10/2019 11:12:54.710  INFO [qtp1282899579-41] USSDService: Remove --> ShortCode and MSISDN: ShortCode_Msisdn{msisdn=84, transaction_id=W1-0-1572430368674, short_code=654} -----> Transaction : W1-0-1572430368674
30/10/2019 11:12:54.710  INFO [qtp1282899579-41] USSDService: CURRENT USSD MENU : State{state_id=4, content=vous allez souscrir au service CITRON
1- OUI
2- NON
0-retour, bizId=0, state_level=INTERMEDIATE} -----> Transaction : W1-0-1572430368674
30/10/2019 11:12:56.431  INFO [qtp1282899579-43] USSDService: --------------message receive from USSDGW POST FUNCTION---------------
30/10/2019 11:12:56.431  INFO [qtp1282899579-43] USSDService: UssdMessage{type=101,
 transId=W1-0-1572430368674,
 msisdn=null,
 imsi=null,
 ussdString=1,
 charSet=1,
 loggedString=1,
 encryptedUssdString=null,
 connectorId=1,
 hlrGT=null,
 dlgId=1,
 timeout=0,
 sendRecvTime=1572430376411}
30/10/2019 11:12:56.431  INFO [qtp1282899579-43] USSDService: Remove --> previous state : State{state_id=4, content=vous allez souscrir au service CITRON
1- OUI
2- NON
0-retour, bizId=0, state_level=INTERMEDIATE} -----> Transaction : W1-0-1572430368674
30/10/2019 11:12:56.431  INFO [qtp1282899579-43] USSDService: Remove --> ShortCode and MSISDN: ShortCode_Msisdn{msisdn=84, transaction_id=W1-0-1572430368674, short_code=654} -----> Transaction : W1-0-1572430368674
30/10/2019 11:12:56.439  INFO [qtp1282899579-43] USSDService: USSD Receive : {
  "transaction_id" : "d7b787fa-fafd-11e9-80ac-b3b575a55f4f",
  "service_id" : "onlineflash",
  "message_id" : "",
  "sender" : "84",
  "receiver" : "654",
  "content" : "CITRON",
  "exchange_mode" : "USSD"
}
30/10/2019 11:12:56.439  INFO [qtp1282899579-43] USSDService: SUCCESS SEND TO APPLICATION : topic -->mo-flash | 84 --> 654 [msg = CITRON ]
30/10/2019 11:12:56.439  INFO [qtp1282899579-43] USSDService: CURRENT USSD MENU : State{state_id=5, content=Souscrition au service CITRON en cours. vous recevrez la notification par SMS, bizId=1, state_level=TERMINATE_PROC} -----> Transaction : W1-0-1572430368674
30/10/2019 11:12:56.636  INFO [kafka-producer-network-thread | SMSGW_Producer] USSDService: Producer client ID :  SMSGW_Producer -- Topic: mo-flash -- Partition: 4 -- offset: 7
30/10/2019 11:18:13.159  INFO [main] USSGW: Load log4j config file done.
30/10/2019 11:18:26.306  INFO [main] USSGW: ############ Topic report_SMS_topic already exists #################
30/10/2019 11:18:30.849  INFO [main] USSGW: ############ Topic mo_pubdate already exists #################
30/10/2019 11:18:35.393  INFO [main] USSGW: ############ Topic mt_pubdate already exists #################
30/10/2019 11:18:39.934  INFO [main] USSGW: ############ Topic mo-flash already exists #################
30/10/2019 11:18:44.467  INFO [main] USSGW: ############ Topic mt-flash already exists #################
30/10/2019 11:18:49.000  INFO [main] USSGW: ############ Topic mo_gameshow already exists #################
30/10/2019 11:18:53.535  INFO [main] USSGW: ############ Topic mt_gameshow already exists #################
30/10/2019 11:18:54.033  INFO [main] USSGW: ############# USSD APPLICATION IS UP ##############
30/10/2019 11:19:12.448  INFO [qtp87035052-43] USSDService: --------------message receive from USSDGW POST FUNCTION---------------
30/10/2019 11:19:12.449  INFO [qtp87035052-43] USSDService: UssdMessage{type=100,
 transId=W1-0-1572430752142,
 msisdn=84,
 imsi=null,
 ussdString=*654*1#,
 charSet=1,
 loggedString=*654*1#,
 encryptedUssdString=null,
 connectorId=1,
 hlrGT=null,
 dlgId=2,
 timeout=300,
 sendRecvTime=1572430752150}
30/10/2019 11:19:12.453  INFO [qtp87035052-43] USSDService: CURRENT USSD MENU : State{state_id=3, content=1- CITRON
2- ANANAS
3- ORANGE
0-retour, bizId=0, state_level=INTERMEDIATE} -----> Transaction : W1-0-1572430752142
30/10/2019 11:19:19.708  INFO [qtp87035052-38] USSDService: --------------message receive from USSDGW POST FUNCTION---------------
30/10/2019 11:19:19.708  INFO [qtp87035052-38] USSDService: UssdMessage{type=101,
 transId=W1-0-1572430752142,
 msisdn=null,
 imsi=null,
 ussdString=1,
 charSet=1,
 loggedString=1,
 encryptedUssdString=null,
 connectorId=1,
 hlrGT=null,
 dlgId=2,
 timeout=0,
 sendRecvTime=1572430759685}
30/10/2019 11:19:19.709  INFO [qtp87035052-38] USSDService: Remove --> previous state : State{state_id=3, content=1- CITRON
2- ANANAS
3- ORANGE
0-retour, bizId=0, state_level=INTERMEDIATE} -----> Transaction : W1-0-1572430752142
30/10/2019 11:19:19.709  INFO [qtp87035052-38] USSDService: Remove --> ShortCode and MSISDN: ShortCode_Msisdn{msisdn=84, transaction_id=W1-0-1572430752142, short_code=654} -----> Transaction : W1-0-1572430752142
30/10/2019 11:19:19.709  INFO [qtp87035052-38] USSDService: CURRENT USSD MENU : State{state_id=4, content=vous allez souscrir au service CITRON
1- OUI
2- NON
0-retour, bizId=0, state_level=INTERMEDIATE} -----> Transaction : W1-0-1572430752142
30/10/2019 11:19:31.374  INFO [qtp87035052-41] USSDService: --------------message receive from USSDGW POST FUNCTION---------------
30/10/2019 11:19:31.374  INFO [qtp87035052-41] USSDService: UssdMessage{type=101,
 transId=W1-0-1572430752142,
 msisdn=null,
 imsi=null,
 ussdString=1,
 charSet=1,
 loggedString=1,
 encryptedUssdString=null,
 connectorId=1,
 hlrGT=null,
 dlgId=2,
 timeout=0,
 sendRecvTime=1572430771356}
30/10/2019 11:19:31.374  INFO [qtp87035052-41] USSDService: Remove --> previous state : State{state_id=4, content=vous allez souscrir au service CITRON
1- OUI
2- NON
0-retour, bizId=0, state_level=INTERMEDIATE} -----> Transaction : W1-0-1572430752142
30/10/2019 11:19:31.374  INFO [qtp87035052-41] USSDService: Remove --> ShortCode and MSISDN: ShortCode_Msisdn{msisdn=84, transaction_id=W1-0-1572430752142, short_code=654} -----> Transaction : W1-0-1572430752142
30/10/2019 11:19:31.777  INFO [qtp87035052-41] USSDService: USSD Receive : {
  "transaction_id" : "c3204644-fafe-11e9-a466-cfa0fb217dd0",
  "service_id" : "onlineflash",
  "message_id" : "",
  "sender" : "84",
  "receiver" : "654",
  "content" : "CITRON| ROUGE",
  "exchange_mode" : "USSD"
}
30/10/2019 11:19:31.777  INFO [qtp87035052-41] USSDService: SUCCESS SEND TO APPLICATION : topic -->mo-flash | 84 --> 654 [msg = CITRON| ROUGE ]
30/10/2019 11:19:31.778  INFO [qtp87035052-41] USSDService: CURRENT USSD MENU : State{state_id=5, content=Souscrition au service CITRON en cours. vous recevrez la notification par SMS, bizId=1, state_level=TERMINATE_PROC} -----> Transaction : W1-0-1572430752142
30/10/2019 11:19:31.935  INFO [kafka-producer-network-thread | SMSGW_Producer] USSDService: Producer client ID :  SMSGW_Producer -- Topic: mo-flash -- Partition: 0 -- offset: 4
30/10/2019 11:20:22.939  INFO [main] USSGW: Load log4j config file done.
30/10/2019 11:20:32.430  INFO [main] USSGW: ############ Topic report_SMS_topic already exists #################
30/10/2019 11:20:36.981  INFO [main] USSGW: ############ Topic mo_pubdate already exists #################
30/10/2019 11:20:41.514  INFO [main] USSGW: ############ Topic mt_pubdate already exists #################
30/10/2019 11:20:46.055  INFO [main] USSGW: ############ Topic mo-flash already exists #################
30/10/2019 11:20:50.588  INFO [main] USSGW: ############ Topic mt-flash already exists #################
30/10/2019 11:20:55.121  INFO [main] USSGW: ############ Topic mo_gameshow already exists #################
30/10/2019 11:20:59.655  INFO [main] USSGW: ############ Topic mt_gameshow already exists #################
30/10/2019 11:21:00.213  INFO [main] USSGW: ############# USSD APPLICATION IS UP ##############
30/10/2019 11:21:15.016  INFO [qtp87035052-42] USSDService: --------------message receive from USSDGW POST FUNCTION---------------
30/10/2019 11:21:15.016  INFO [qtp87035052-42] USSDService: UssdMessage{type=100,
 transId=W1-0-1572430874606,
 msisdn=84,
 imsi=null,
 ussdString=*654*1#,
 charSet=1,
 loggedString=*654*1#,
 encryptedUssdString=null,
 connectorId=1,
 hlrGT=null,
 dlgId=3,
 timeout=300,
 sendRecvTime=1572430874614}
30/10/2019 11:21:15.020  INFO [qtp87035052-42] USSDService: CURRENT USSD MENU : State{state_id=3, content=1- CITRON
2- ANANAS
3- ORANGE
0-retour, bizId=0, state_level=INTERMEDIATE} -----> Transaction : W1-0-1572430874606
30/10/2019 11:21:20.509  INFO [qtp87035052-38] USSDService: --------------message receive from USSDGW POST FUNCTION---------------
30/10/2019 11:21:20.509  INFO [qtp87035052-38] USSDService: UssdMessage{type=101,
 transId=W1-0-1572430874606,
 msisdn=null,
 imsi=null,
 ussdString=1,
 charSet=1,
 loggedString=1,
 encryptedUssdString=null,
 connectorId=1,
 hlrGT=null,
 dlgId=3,
 timeout=0,
 sendRecvTime=1572430880488}
30/10/2019 11:21:20.509  INFO [qtp87035052-38] USSDService: Remove --> previous state : State{state_id=3, content=1- CITRON
2- ANANAS
3- ORANGE
0-retour, bizId=0, state_level=INTERMEDIATE} -----> Transaction : W1-0-1572430874606
30/10/2019 11:21:20.509  INFO [qtp87035052-38] USSDService: Remove --> ShortCode and MSISDN: ShortCode_Msisdn{msisdn=84, transaction_id=W1-0-1572430874606, short_code=654} -----> Transaction : W1-0-1572430874606
30/10/2019 11:21:20.510  INFO [qtp87035052-38] USSDService: CURRENT USSD MENU : State{state_id=4, content=vous allez souscrir au service CITRON
1- OUI
2- NON
0-retour, bizId=0, state_level=INTERMEDIATE} -----> Transaction : W1-0-1572430874606
30/10/2019 11:21:24.476  INFO [qtp87035052-43] USSDService: --------------message receive from USSDGW POST FUNCTION---------------
30/10/2019 11:21:24.476  INFO [qtp87035052-43] USSDService: UssdMessage{type=101,
 transId=W1-0-1572430874606,
 msisdn=null,
 imsi=null,
 ussdString=1,
 charSet=1,
 loggedString=1,
 encryptedUssdString=null,
 connectorId=1,
 hlrGT=null,
 dlgId=3,
 timeout=0,
 sendRecvTime=1572430884458}
30/10/2019 11:21:24.476  INFO [qtp87035052-43] USSDService: Remove --> previous state : State{state_id=4, content=vous allez souscrir au service CITRON
1- OUI
2- NON
0-retour, bizId=0, state_level=INTERMEDIATE} -----> Transaction : W1-0-1572430874606
30/10/2019 11:21:24.476  INFO [qtp87035052-43] USSDService: Remove --> ShortCode and MSISDN: ShortCode_Msisdn{msisdn=84, transaction_id=W1-0-1572430874606, short_code=654} -----> Transaction : W1-0-1572430874606
30/10/2019 11:21:24.876  INFO [qtp87035052-43] USSDService: USSD Receive : {
  "transaction_id" : "068a4485-faff-11e9-9237-c50bb040052b",
  "service_id" : "onlineflash",
  "message_id" : "",
  "sender" : "84",
  "receiver" : "654",
  "content" : "CITRON ROUGE",
  "exchange_mode" : "USSD"
}
30/10/2019 11:21:24.876  INFO [qtp87035052-43] USSDService: SUCCESS SEND TO APPLICATION : topic -->mo-flash | 84 --> 654 [msg = CITRON ROUGE ]
30/10/2019 11:21:24.879  INFO [qtp87035052-43] USSDService: CURRENT USSD MENU : State{state_id=5, content=Souscrition au service CITRON en cours. vous recevrez la notification par SMS, bizId=1, state_level=TERMINATE_PROC} -----> Transaction : W1-0-1572430874606
30/10/2019 11:21:24.993  INFO [kafka-producer-network-thread | SMSGW_Producer] USSDService: Producer client ID :  SMSGW_Producer -- Topic: mo-flash -- Partition: 9 -- offset: 6
