05/12/2019 10:10:35.875  INFO [main] SMSGW: Load log4j config file done.
05/12/2019 10:10:35.878  INFO [main] SMSGW: ############# START SMS GATEWAY ###################
05/12/2019 10:10:36.029  INFO [main] ConfigLoader: successfull load : etc\service_listener.xml
05/12/2019 10:10:49.496  INFO [main] SMSGW: ############ Topic report_SMS_topic already exists #################
05/12/2019 10:10:54.059  INFO [main] SMSGW: ############ Topic mo_pubdate already exists #################
05/12/2019 10:10:58.605  INFO [main] SMSGW: ############ Topic mt_pubdate already exists #################
05/12/2019 10:11:03.137  INFO [main] SMSGW: ############ Topic mo-flash already exists #################
05/12/2019 10:11:07.661  INFO [main] SMSGW: ############ Topic mt-flash already exists #################
05/12/2019 10:11:12.204  INFO [main] SMSGW: ############ Topic mo-chocho already exists #################
05/12/2019 10:11:16.737  INFO [main] SMSGW: ############ Topic mt-chocho already exists #################
05/12/2019 10:11:21.287  INFO [main] SMSGW: ############ Topic mo_gameshow already exists #################
05/12/2019 10:11:25.811  INFO [main] SMSGW: ############ Topic mt_gameshow already exists #################
05/12/2019 10:11:26.135  INFO [pool-5-thread-2] SMSGW_Thread: Called onPartitionsRevoked with partitions:[]
05/12/2019 10:11:26.135  INFO [pool-5-thread-1] SMSGW_Thread: Called onPartitionsRevoked with partitions:[]
05/12/2019 10:11:26.138  INFO [pool-3-thread-1] SMSGW_Thread: Called onPartitionsRevoked with partitions:[]
05/12/2019 10:11:26.139  INFO [pool-3-thread-2] SMSGW_Thread: Called onPartitionsRevoked with partitions:[]
05/12/2019 10:11:26.139  INFO [pool-6-thread-2] SMSGW_Thread: Called onPartitionsRevoked with partitions:[]
05/12/2019 10:11:26.144  INFO [pool-4-thread-1] SMSGW_Thread: Called onPartitionsRevoked with partitions:[]
05/12/2019 10:11:26.149  INFO [pool-4-thread-2] SMSGW_Thread: Called onPartitionsRevoked with partitions:[]
05/12/2019 10:11:26.153  INFO [pool-6-thread-1] SMSGW_Thread: Called onPartitionsRevoked with partitions:[]
05/12/2019 10:11:26.784  INFO [pool-3-thread-2] SMSGW_Thread: Called onPartitionsAssigned with partitions:[]
05/12/2019 10:11:26.785  INFO [pool-4-thread-2] SMSGW_Thread: Called onPartitionsAssigned with partitions:[mt-flash-7, mt-flash-6, mt-flash-5, mt-flash-9, mt-flash-8]
05/12/2019 10:11:26.785  INFO [pool-5-thread-1] SMSGW_Thread: Called onPartitionsAssigned with partitions:[mt-chocho-4, mt-chocho-2, mt-chocho-3, mt-chocho-0, mt-chocho-1]
05/12/2019 10:11:26.789  INFO [pool-4-thread-1] SMSGW_Thread: Called onPartitionsAssigned with partitions:[mt-flash-3, mt-flash-2, mt-flash-1, mt-flash-0, mt-flash-4]
05/12/2019 10:11:26.791  INFO [pool-3-thread-1] SMSGW_Thread: Called onPartitionsAssigned with partitions:[mt_pubdate-0]
05/12/2019 10:11:26.792  INFO [pool-6-thread-2] SMSGW_Thread: Called onPartitionsAssigned with partitions:[mt_gameshow-5, mt_gameshow-6, mt_gameshow-7, mt_gameshow-8, mt_gameshow-9]
05/12/2019 10:11:26.798  INFO [pool-6-thread-1] SMSGW_Thread: Called onPartitionsAssigned with partitions:[mt_gameshow-1, mt_gameshow-2, mt_gameshow-3, mt_gameshow-4, mt_gameshow-0]
05/12/2019 10:11:26.801  INFO [pool-5-thread-2] SMSGW_Thread: Called onPartitionsAssigned with partitions:[mt-chocho-6, mt-chocho-7, mt-chocho-5, mt-chocho-8, mt-chocho-9]
05/12/2019 10:11:37.877  INFO [pool-2-thread-1] ReceiveSMS: -------------- START RECEIVE MO SMS -----------
05/12/2019 10:11:38.237  INFO [pool-2-thread-1] ReceiveSMS: SMS Receive : {
  "transaction_id" : "3e051416-173f-11ea-be39-03f198796053",
  "service_id" : "CHOCHO",
  "message_id" : null,
  "sender" : "661000504",
  "receiver" : "8755",
  "content" : "CHO1",
  "exchange_mode" : "SMS"
}
05/12/2019 10:11:38.237  INFO [pool-2-thread-1] ReceiveSMS: SUCCESS SEND TO APPLICATION : topic -->mo-chocho | 661000504 --> 8755 [msg = CHO1 ]
05/12/2019 10:11:38.386  INFO [kafka-producer-network-thread | SMSGW_Producer_0] ReceiveSMS: Producer client ID :  SMSGW_Producer_0 -- Topic: mo-chocho -- Partition: 1 -- offset: 20
05/12/2019 10:11:51.255  INFO [pool-5-thread-1] SMSGateway: %%%%%%%%%%%%%%%%%% START SEND SMS %%%%%%%%%%%%%%%%%%%%%%
05/12/2019 10:11:51.266  INFO [pool-5-thread-1] SMSGW_Thread: SUCCESS_SMS_CONTENT
05/12/2019 10:11:51.266  INFO [pool-5-thread-1] SMSGW_Thread: SUCCESS Submition of : 8755 --> 661000504 ( msg =Bonjour les Jeunes, bienvenue au service de CHOCHO.  )
05/12/2019 10:11:56.270  INFO [pool-2-thread-3] ReceiveSMS: -------------- START RECEIVE DELIVERY SMS -----------
05/12/2019 10:11:56.283  INFO [pool-2-thread-3] ReceiveSMS: Delivery Receive : {
  "message_id" : "BC",
  "sender" : "8755",
  "receiver" : "661000504",
  "delivery_id" : "188",
  "delivery_sub" : "1",
  "delivery_dlvrd" : "1",
  "delivery_submitDate" : "1912051011",
  "delivery_doneDate" : "1912051011",
  "delivery_status" : "REJECTD",
  "delivery_err" : "000",
  "delivery_text" : ""
}
05/12/2019 10:11:56.284  INFO [pool-2-thread-3] ReceiveSMS: SUCCESS DELIVERY report  topic -->report_SMS_topic |   message: msg_id = BC from 661000504 --> 8755
05/12/2019 10:11:56.284  INFO [pool-2-thread-3] ReceiveSMS: SUCCESS DELIVERY information : id:188 sub:001 dlvrd:001 submit date:1912051011 done date:1912051011 stat:REJECTD err:000 text:Bonjour les Jeunes, 
05/12/2019 10:11:56.284  INFO [pool-2-thread-3] ReceiveSMS: SUCCESS  send delivery report : DeliveryMessage{message_id=BC, sender=8755, receiver=661000504, delivery_id=188, delivery_sub=1, delivery_dlvrd=1, delivery_submitDate=1912051011, delivery_doneDate=1912051011, delivery_status=REJECTD, delivery_err=000, delivery_text=}
05/12/2019 10:11:56.284  INFO [pool-2-thread-3] ReceiveSMS: SMSC_DEL_RECEIPT : PDUHeader(198, 00000005, 00000000, 200)
05/12/2019 10:11:56.418  INFO [kafka-producer-network-thread | SMSGW_Producer_0] ReceiveSMS: Producer client ID :  SMSGW_Producer_0 -- Topic: report_SMS_topic -- Partition: 5 -- offset: 0
05/12/2019 10:13:11.304  INFO [pool-5-thread-2] SMSGateway: %%%%%%%%%%%%%%%%%% START SEND SMS %%%%%%%%%%%%%%%%%%%%%%
05/12/2019 10:13:11.308  INFO [pool-5-thread-2] SMSGW_Thread: SUCCESS_SMS_CONTENT
05/12/2019 10:13:11.308  INFO [pool-5-thread-2] SMSGW_Thread: SUCCESS Submition of : 8755 --> 661000504 ( msg =Bonjour les Jeunes, bienvenue au service de CHOCHO.  )
05/12/2019 10:13:21.313  INFO [pool-2-thread-2] ReceiveSMS: -------------- START RECEIVE DELIVERY SMS -----------
05/12/2019 10:13:21.317  INFO [pool-2-thread-2] ReceiveSMS: Delivery Receive : {
  "message_id" : "BD",
  "sender" : "8755",
  "receiver" : "661000504",
  "delivery_id" : "189",
  "delivery_sub" : "1",
  "delivery_dlvrd" : "1",
  "delivery_submitDate" : "1912051013",
  "delivery_doneDate" : "1912051013",
  "delivery_status" : "DELIVRD",
  "delivery_err" : "000",
  "delivery_text" : ""
}
05/12/2019 10:13:21.317  INFO [pool-2-thread-2] ReceiveSMS: SUCCESS DELIVERY report  topic -->report_SMS_topic |   message: msg_id = BD from 661000504 --> 8755
05/12/2019 10:13:21.317  INFO [pool-2-thread-2] ReceiveSMS: SUCCESS DELIVERY information : id:189 sub:001 dlvrd:001 submit date:1912051013 done date:1912051013 stat:DELIVRD err:000 text:Bonjour les Jeunes, 
05/12/2019 10:13:21.317  INFO [pool-2-thread-2] ReceiveSMS: SUCCESS  send delivery report : DeliveryMessage{message_id=BD, sender=8755, receiver=661000504, delivery_id=189, delivery_sub=1, delivery_dlvrd=1, delivery_submitDate=1912051013, delivery_doneDate=1912051013, delivery_status=DELIVRD, delivery_err=000, delivery_text=}
05/12/2019 10:13:21.317  INFO [pool-2-thread-2] ReceiveSMS: SMSC_DEL_RECEIPT : PDUHeader(191, 00000005, 00000000, 201)
05/12/2019 10:13:21.464  INFO [kafka-producer-network-thread | SMSGW_Producer_0] ReceiveSMS: Producer client ID :  SMSGW_Producer_0 -- Topic: report_SMS_topic -- Partition: 8 -- offset: 0
05/12/2019 10:23:06.910  INFO [pool-5-thread-1] SMSGateway: %%%%%%%%%%%%%%%%%% START SEND SMS %%%%%%%%%%%%%%%%%%%%%%
05/12/2019 10:23:06.921  INFO [pool-5-thread-1] SMSGW_Thread: SUCCESS_SMS_CONTENT
05/12/2019 10:23:06.921  INFO [pool-5-thread-1] SMSGW_Thread: SUCCESS Submition of : 8755 --> 661000504 ( msg =Bonjour les Jeunes, bienvenue au service de CHOCHO.  )
05/12/2019 10:23:11.924  INFO [pool-2-thread-2] ReceiveSMS: -------------- START RECEIVE DELIVERY SMS -----------
05/12/2019 10:23:11.925  INFO [pool-2-thread-2] ReceiveSMS: Delivery Receive : {
  "message_id" : "BE",
  "sender" : "8755",
  "receiver" : "661000504",
  "delivery_id" : "190",
  "delivery_sub" : "1",
  "delivery_dlvrd" : "1",
  "delivery_submitDate" : "1912051023",
  "delivery_doneDate" : "1912051023",
  "delivery_status" : "DELIVRD",
  "delivery_err" : "000",
  "delivery_text" : ""
}
05/12/2019 10:23:11.925  INFO [pool-2-thread-2] ReceiveSMS: SUCCESS DELIVERY report  topic -->report_SMS_topic |   message: msg_id = BE from 661000504 --> 8755
05/12/2019 10:23:11.926  INFO [pool-2-thread-2] ReceiveSMS: SUCCESS DELIVERY information : id:190 sub:001 dlvrd:001 submit date:1912051023 done date:1912051023 stat:DELIVRD err:000 text:Bonjour les Jeunes, 
05/12/2019 10:23:11.926  INFO [pool-2-thread-2] ReceiveSMS: SUCCESS  send delivery report : DeliveryMessage{message_id=BE, sender=8755, receiver=661000504, delivery_id=190, delivery_sub=1, delivery_dlvrd=1, delivery_submitDate=1912051023, delivery_doneDate=1912051023, delivery_status=DELIVRD, delivery_err=000, delivery_text=}
05/12/2019 10:23:11.926  INFO [pool-2-thread-2] ReceiveSMS: SMSC_DEL_RECEIPT : PDUHeader(191, 00000005, 00000000, 202)
05/12/2019 10:23:12.042  INFO [kafka-producer-network-thread | SMSGW_Producer_0] ReceiveSMS: Producer client ID :  SMSGW_Producer_0 -- Topic: report_SMS_topic -- Partition: 2 -- offset: 1
